{"/Users/xinhuangliu/hackReactor/FEC/l91234567/Toy-Story/client/src/components/InteractionAPI.jsx": {"path":"/Users/xinhuangliu/hackReactor/FEC/l91234567/Toy-Story/client/src/components/InteractionAPI.jsx","statementMap":{"0":{"start":{"line":3,"column":23},"end":{"line":16,"column":1}},"1":{"start":{"line":4,"column":13},"end":{"line":4,"column":23}},"2":{"start":{"line":6,"column":4},"end":{"line":10,"column":5}},"3":{"start":{"line":13,"column":2},"end":{"line":15,"column":34}},"4":{"start":{"line":14,"column":18},"end":{"line":14,"column":37}},"5":{"start":{"line":15,"column":16},"end":{"line":15,"column":32}},"6":{"start":{"line":18,"column":37},"end":{"line":18,"column":66}}},"fnMap":{"0":{"name":"(anonymous_0)","decl":{"start":{"line":3,"column":23},"end":{"line":3,"column":24}},"loc":{"start":{"line":3,"column":44},"end":{"line":16,"column":1}},"line":3},"1":{"name":"(anonymous_1)","decl":{"start":{"line":14,"column":8},"end":{"line":14,"column":9}},"loc":{"start":{"line":14,"column":18},"end":{"line":14,"column":37}},"line":14},"2":{"name":"(anonymous_2)","decl":{"start":{"line":15,"column":9},"end":{"line":15,"column":10}},"loc":{"start":{"line":15,"column":16},"end":{"line":15,"column":32}},"line":15}},"branchMap":{},"s":{"0":3,"1":0,"2":0,"3":0,"4":0,"5":0,"6":3},"f":{"0":0,"1":0,"2":0},"b":{},"_coverageSchema":"1a1c01bbd47fc00a2c39e90264f33305004495a9","hash":"6722155a0fff3c8701eb9941a15b402269bf0e49"}
,"/Users/xinhuangliu/hackReactor/FEC/l91234567/Toy-Story/client/src/components/Overview/OverViewImage.jsx": {"path":"/Users/xinhuangliu/hackReactor/FEC/l91234567/Toy-Story/client/src/components/Overview/OverViewImage.jsx","statementMap":{"0":{"start":{"line":9,"column":25},"end":{"line":9,"column":58}},"1":{"start":{"line":10,"column":42},"end":{"line":10,"column":54}},"2":{"start":{"line":11,"column":44},"end":{"line":11,"column":56}},"3":{"start":{"line":12,"column":62},"end":{"line":12,"column":74}},"4":{"start":{"line":13,"column":39},"end":{"line":13,"column":47}},"5":{"start":{"line":14,"column":36},"end":{"line":14,"column":44}},"6":{"start":{"line":15,"column":30},"end":{"line":15,"column":38}},"7":{"start":{"line":16,"column":27},"end":{"line":16,"column":35}},"8":{"start":{"line":17,"column":38},"end":{"line":17,"column":49}},"9":{"start":{"line":18,"column":48},"end":{"line":18,"column":79}},"10":{"start":{"line":19,"column":52},"end":{"line":19,"column":83}},"11":{"start":{"line":20,"column":46},"end":{"line":20,"column":58}},"12":{"start":{"line":22,"column":74},"end":{"line":22,"column":85}},"13":{"start":{"line":27,"column":88},"end":{"line":27,"column":99}},"14":{"start":{"line":29,"column":2},"end":{"line":45,"column":44}},"15":{"start":{"line":31,"column":4},"end":{"line":43,"column":5}},"16":{"start":{"line":32,"column":6},"end":{"line":32,"column":45}},"17":{"start":{"line":33,"column":6},"end":{"line":33,"column":47}},"18":{"start":{"line":34,"column":11},"end":{"line":43,"column":5}},"19":{"start":{"line":35,"column":6},"end":{"line":35,"column":45}},"20":{"start":{"line":36,"column":6},"end":{"line":36,"column":50}},"21":{"start":{"line":37,"column":11},"end":{"line":43,"column":5}},"22":{"start":{"line":38,"column":6},"end":{"line":38,"column":48}},"23":{"start":{"line":39,"column":6},"end":{"line":39,"column":47}},"24":{"start":{"line":41,"column":6},"end":{"line":41,"column":48}},"25":{"start":{"line":42,"column":6},"end":{"line":42,"column":50}},"26":{"start":{"line":48,"column":25},"end":{"line":52,"column":3}},"27":{"start":{"line":49,"column":4},"end":{"line":49,"column":62}},"28":{"start":{"line":50,"column":6},"end":{"line":50,"column":72}},"29":{"start":{"line":54,"column":27},"end":{"line":58,"column":3}},"30":{"start":{"line":55,"column":4},"end":{"line":55,"column":64}},"31":{"start":{"line":56,"column":4},"end":{"line":56,"column":70}},"32":{"start":{"line":60,"column":2},"end":{"line":82,"column":36}},"33":{"start":{"line":62,"column":4},"end":{"line":79,"column":5}},"34":{"start":{"line":63,"column":6},"end":{"line":63,"column":48}},"35":{"start":{"line":64,"column":6},"end":{"line":64,"column":41}},"36":{"start":{"line":66,"column":6},"end":{"line":66,"column":105}},"37":{"start":{"line":70,"column":11},"end":{"line":79,"column":5}},"38":{"start":{"line":72,"column":6},"end":{"line":72,"column":141}},"39":{"start":{"line":73,"column":6},"end":{"line":73,"column":48}},"40":{"start":{"line":74,"column":6},"end":{"line":74,"column":105}},"41":{"start":{"line":77,"column":6},"end":{"line":77,"column":48}},"42":{"start":{"line":78,"column":6},"end":{"line":78,"column":105}},"43":{"start":{"line":84,"column":2},"end":{"line":100,"column":21}},"44":{"start":{"line":86,"column":4},"end":{"line":98,"column":5}},"45":{"start":{"line":87,"column":6},"end":{"line":87,"column":27}},"46":{"start":{"line":88,"column":6},"end":{"line":88,"column":36}},"47":{"start":{"line":89,"column":6},"end":{"line":91,"column":8}},"48":{"start":{"line":90,"column":8},"end":{"line":90,"column":69}},"49":{"start":{"line":90,"column":42},"end":{"line":90,"column":67}},"50":{"start":{"line":92,"column":6},"end":{"line":94,"column":8}},"51":{"start":{"line":93,"column":8},"end":{"line":93,"column":106}},"52":{"start":{"line":93,"column":60},"end":{"line":93,"column":104}},"53":{"start":{"line":96,"column":6},"end":{"line":96,"column":50}},"54":{"start":{"line":97,"column":6},"end":{"line":97,"column":41}},"55":{"start":{"line":102,"column":54},"end":{"line":102,"column":85}},"56":{"start":{"line":103,"column":52},"end":{"line":103,"column":83}},"57":{"start":{"line":106,"column":28},"end":{"line":117,"column":3}},"58":{"start":{"line":107,"column":4},"end":{"line":107,"column":68}},"59":{"start":{"line":108,"column":4},"end":{"line":116,"column":5}},"60":{"start":{"line":109,"column":6},"end":{"line":109,"column":36}},"61":{"start":{"line":110,"column":6},"end":{"line":110,"column":34}},"62":{"start":{"line":111,"column":6},"end":{"line":113,"column":7}},"63":{"start":{"line":112,"column":8},"end":{"line":112,"column":74}},"64":{"start":{"line":119,"column":29},"end":{"line":129,"column":3}},"65":{"start":{"line":120,"column":4},"end":{"line":120,"column":69}},"66":{"start":{"line":121,"column":4},"end":{"line":128,"column":5}},"67":{"start":{"line":122,"column":6},"end":{"line":122,"column":36}},"68":{"start":{"line":123,"column":6},"end":{"line":123,"column":34}},"69":{"start":{"line":124,"column":6},"end":{"line":126,"column":7}},"70":{"start":{"line":125,"column":8},"end":{"line":125,"column":74}},"71":{"start":{"line":133,"column":2},"end":{"line":150,"column":13}},"72":{"start":{"line":134,"column":4},"end":{"line":143,"column":5}},"73":{"start":{"line":136,"column":6},"end":{"line":136,"column":39}},"74":{"start":{"line":138,"column":11},"end":{"line":143,"column":5}},"75":{"start":{"line":139,"column":6},"end":{"line":139,"column":39}},"76":{"start":{"line":140,"column":11},"end":{"line":143,"column":5}},"77":{"start":{"line":141,"column":6},"end":{"line":141,"column":39}},"78":{"start":{"line":144,"column":15},"end":{"line":144,"column":32}},"79":{"start":{"line":145,"column":4},"end":{"line":145,"column":70}},"80":{"start":{"line":146,"column":4},"end":{"line":146,"column":89}},"81":{"start":{"line":153,"column":70},"end":{"line":153,"column":81}},"82":{"start":{"line":154,"column":2},"end":{"line":170,"column":33}},"83":{"start":{"line":155,"column":4},"end":{"line":167,"column":5}},"84":{"start":{"line":156,"column":6},"end":{"line":156,"column":47}},"85":{"start":{"line":157,"column":6},"end":{"line":157,"column":48}},"86":{"start":{"line":158,"column":11},"end":{"line":167,"column":5}},"87":{"start":{"line":159,"column":6},"end":{"line":159,"column":50}},"88":{"start":{"line":160,"column":6},"end":{"line":160,"column":48}},"89":{"start":{"line":161,"column":11},"end":{"line":167,"column":5}},"90":{"start":{"line":162,"column":6},"end":{"line":162,"column":47}},"91":{"start":{"line":163,"column":6},"end":{"line":163,"column":51}},"92":{"start":{"line":165,"column":6},"end":{"line":165,"column":50}},"93":{"start":{"line":166,"column":6},"end":{"line":166,"column":51}},"94":{"start":{"line":172,"column":24},"end":{"line":176,"column":3}},"95":{"start":{"line":173,"column":4},"end":{"line":173,"column":53}},"96":{"start":{"line":174,"column":4},"end":{"line":174,"column":46}},"97":{"start":{"line":177,"column":52},"end":{"line":177,"column":80}},"98":{"start":{"line":179,"column":25},"end":{"line":179,"column":33}},"99":{"start":{"line":180,"column":13},"end":{"line":180,"column":21}},"100":{"start":{"line":183,"column":2},"end":{"line":229,"column":3}},"101":{"start":{"line":184,"column":4},"end":{"line":228,"column":8}},"102":{"start":{"line":197,"column":12},"end":{"line":199,"column":13}},"103":{"start":{"line":219,"column":14},"end":{"line":222,"column":15}},"104":{"start":{"line":233,"column":2},"end":{"line":235,"column":3}}},"fnMap":{"0":{"name":"OverViewImage","decl":{"start":{"line":8,"column":24},"end":{"line":8,"column":37}},"loc":{"start":{"line":8,"column":53},"end":{"line":236,"column":1}},"line":8},"1":{"name":"(anonymous_1)","decl":{"start":{"line":29,"column":12},"end":{"line":29,"column":13}},"loc":{"start":{"line":29,"column":17},"end":{"line":45,"column":3}},"line":29},"2":{"name":"(anonymous_2)","decl":{"start":{"line":48,"column":25},"end":{"line":48,"column":26}},"loc":{"start":{"line":48,"column":31},"end":{"line":52,"column":3}},"line":48},"3":{"name":"(anonymous_3)","decl":{"start":{"line":54,"column":27},"end":{"line":54,"column":28}},"loc":{"start":{"line":54,"column":33},"end":{"line":58,"column":3}},"line":54},"4":{"name":"(anonymous_4)","decl":{"start":{"line":60,"column":12},"end":{"line":60,"column":13}},"loc":{"start":{"line":60,"column":17},"end":{"line":82,"column":3}},"line":60},"5":{"name":"(anonymous_5)","decl":{"start":{"line":84,"column":12},"end":{"line":84,"column":13}},"loc":{"start":{"line":84,"column":17},"end":{"line":100,"column":3}},"line":84},"6":{"name":"(anonymous_6)","decl":{"start":{"line":89,"column":30},"end":{"line":89,"column":31}},"loc":{"start":{"line":89,"column":35},"end":{"line":91,"column":7}},"line":89},"7":{"name":"(anonymous_7)","decl":{"start":{"line":90,"column":25},"end":{"line":90,"column":26}},"loc":{"start":{"line":90,"column":42},"end":{"line":90,"column":67}},"line":90},"8":{"name":"(anonymous_8)","decl":{"start":{"line":92,"column":30},"end":{"line":92,"column":31}},"loc":{"start":{"line":92,"column":35},"end":{"line":94,"column":7}},"line":92},"9":{"name":"(anonymous_9)","decl":{"start":{"line":93,"column":34},"end":{"line":93,"column":35}},"loc":{"start":{"line":93,"column":60},"end":{"line":93,"column":104}},"line":93},"10":{"name":"(anonymous_10)","decl":{"start":{"line":106,"column":28},"end":{"line":106,"column":29}},"loc":{"start":{"line":106,"column":35},"end":{"line":117,"column":3}},"line":106},"11":{"name":"(anonymous_11)","decl":{"start":{"line":119,"column":29},"end":{"line":119,"column":30}},"loc":{"start":{"line":119,"column":36},"end":{"line":129,"column":3}},"line":119},"12":{"name":"(anonymous_12)","decl":{"start":{"line":133,"column":12},"end":{"line":133,"column":13}},"loc":{"start":{"line":133,"column":16},"end":{"line":149,"column":3}},"line":133},"13":{"name":"(anonymous_13)","decl":{"start":{"line":154,"column":12},"end":{"line":154,"column":13}},"loc":{"start":{"line":154,"column":16},"end":{"line":170,"column":3}},"line":154},"14":{"name":"(anonymous_14)","decl":{"start":{"line":172,"column":24},"end":{"line":172,"column":25}},"loc":{"start":{"line":172,"column":31},"end":{"line":176,"column":3}},"line":172},"15":{"name":"(anonymous_15)","decl":{"start":{"line":196,"column":38},"end":{"line":196,"column":39}},"loc":{"start":{"line":196,"column":51},"end":{"line":200,"column":11}},"line":196},"16":{"name":"(anonymous_16)","decl":{"start":{"line":218,"column":29},"end":{"line":218,"column":30}},"loc":{"start":{"line":218,"column":43},"end":{"line":223,"column":13}},"line":218}},"branchMap":{"0":{"loc":{"start":{"line":31,"column":4},"end":{"line":43,"column":5}},"type":"if","locations":[{"start":{"line":31,"column":4},"end":{"line":43,"column":5}},{"start":{"line":34,"column":11},"end":{"line":43,"column":5}}],"line":31},"1":{"loc":{"start":{"line":34,"column":11},"end":{"line":43,"column":5}},"type":"if","locations":[{"start":{"line":34,"column":11},"end":{"line":43,"column":5}},{"start":{"line":37,"column":11},"end":{"line":43,"column":5}}],"line":34},"2":{"loc":{"start":{"line":37,"column":11},"end":{"line":43,"column":5}},"type":"if","locations":[{"start":{"line":37,"column":11},"end":{"line":43,"column":5}},{"start":{"line":40,"column":11},"end":{"line":43,"column":5}}],"line":37},"3":{"loc":{"start":{"line":62,"column":4},"end":{"line":79,"column":5}},"type":"if","locations":[{"start":{"line":62,"column":4},"end":{"line":79,"column":5}},{"start":{"line":70,"column":11},"end":{"line":79,"column":5}}],"line":62},"4":{"loc":{"start":{"line":70,"column":11},"end":{"line":79,"column":5}},"type":"if","locations":[{"start":{"line":70,"column":11},"end":{"line":79,"column":5}},{"start":{"line":75,"column":11},"end":{"line":79,"column":5}}],"line":70},"5":{"loc":{"start":{"line":86,"column":4},"end":{"line":98,"column":5}},"type":"if","locations":[{"start":{"line":86,"column":4},"end":{"line":98,"column":5}},{"start":{},"end":{}}],"line":86},"6":{"loc":{"start":{"line":108,"column":4},"end":{"line":116,"column":5}},"type":"if","locations":[{"start":{"line":108,"column":4},"end":{"line":116,"column":5}},{"start":{},"end":{}}],"line":108},"7":{"loc":{"start":{"line":111,"column":6},"end":{"line":113,"column":7}},"type":"if","locations":[{"start":{"line":111,"column":6},"end":{"line":113,"column":7}},{"start":{},"end":{}}],"line":111},"8":{"loc":{"start":{"line":121,"column":4},"end":{"line":128,"column":5}},"type":"if","locations":[{"start":{"line":121,"column":4},"end":{"line":128,"column":5}},{"start":{},"end":{}}],"line":121},"9":{"loc":{"start":{"line":124,"column":6},"end":{"line":126,"column":7}},"type":"if","locations":[{"start":{"line":124,"column":6},"end":{"line":126,"column":7}},{"start":{},"end":{}}],"line":124},"10":{"loc":{"start":{"line":134,"column":4},"end":{"line":143,"column":5}},"type":"if","locations":[{"start":{"line":134,"column":4},"end":{"line":143,"column":5}},{"start":{"line":138,"column":11},"end":{"line":143,"column":5}}],"line":134},"11":{"loc":{"start":{"line":138,"column":11},"end":{"line":143,"column":5}},"type":"if","locations":[{"start":{"line":138,"column":11},"end":{"line":143,"column":5}},{"start":{"line":140,"column":11},"end":{"line":143,"column":5}}],"line":138},"12":{"loc":{"start":{"line":140,"column":11},"end":{"line":143,"column":5}},"type":"if","locations":[{"start":{"line":140,"column":11},"end":{"line":143,"column":5}},{"start":{},"end":{}}],"line":140},"13":{"loc":{"start":{"line":155,"column":4},"end":{"line":167,"column":5}},"type":"if","locations":[{"start":{"line":155,"column":4},"end":{"line":167,"column":5}},{"start":{"line":158,"column":11},"end":{"line":167,"column":5}}],"line":155},"14":{"loc":{"start":{"line":158,"column":11},"end":{"line":167,"column":5}},"type":"if","locations":[{"start":{"line":158,"column":11},"end":{"line":167,"column":5}},{"start":{"line":161,"column":11},"end":{"line":167,"column":5}}],"line":158},"15":{"loc":{"start":{"line":161,"column":11},"end":{"line":167,"column":5}},"type":"if","locations":[{"start":{"line":161,"column":11},"end":{"line":167,"column":5}},{"start":{"line":164,"column":11},"end":{"line":167,"column":5}}],"line":161},"16":{"loc":{"start":{"line":183,"column":2},"end":{"line":229,"column":3}},"type":"if","locations":[{"start":{"line":183,"column":2},"end":{"line":229,"column":3}},{"start":{},"end":{}}],"line":183}},"s":{"0":0,"1":0,"2":0,"3":0,"4":0,"5":0,"6":0,"7":0,"8":0,"9":0,"10":0,"11":0,"12":0,"13":0,"14":0,"15":0,"16":0,"17":0,"18":0,"19":0,"20":0,"21":0,"22":0,"23":0,"24":0,"25":0,"26":0,"27":0,"28":0,"29":0,"30":0,"31":0,"32":0,"33":0,"34":0,"35":0,"36":0,"37":0,"38":0,"39":0,"40":0,"41":0,"42":0,"43":0,"44":0,"45":0,"46":0,"47":0,"48":0,"49":0,"50":0,"51":0,"52":0,"53":0,"54":0,"55":0,"56":0,"57":0,"58":0,"59":0,"60":0,"61":0,"62":0,"63":0,"64":0,"65":0,"66":0,"67":0,"68":0,"69":0,"70":0,"71":0,"72":0,"73":0,"74":0,"75":0,"76":0,"77":0,"78":0,"79":0,"80":0,"81":0,"82":0,"83":0,"84":0,"85":0,"86":0,"87":0,"88":0,"89":0,"90":0,"91":0,"92":0,"93":0,"94":0,"95":0,"96":0,"97":0,"98":0,"99":0,"100":0,"101":0,"102":0,"103":0,"104":0},"f":{"0":0,"1":0,"2":0,"3":0,"4":0,"5":0,"6":0,"7":0,"8":0,"9":0,"10":0,"11":0,"12":0,"13":0,"14":0,"15":0,"16":0},"b":{"0":[0,0],"1":[0,0],"2":[0,0],"3":[0,0],"4":[0,0],"5":[0,0],"6":[0,0],"7":[0,0],"8":[0,0],"9":[0,0],"10":[0,0],"11":[0,0],"12":[0,0],"13":[0,0],"14":[0,0],"15":[0,0],"16":[0,0]},"_coverageSchema":"1a1c01bbd47fc00a2c39e90264f33305004495a9","hash":"2eafc98cfd9201e968a8c8d6ac346dc835e84162"}
,"/Users/xinhuangliu/hackReactor/FEC/l91234567/Toy-Story/client/src/components/Overview/Overview.jsx": {"path":"/Users/xinhuangliu/hackReactor/FEC/l91234567/Toy-Story/client/src/components/Overview/Overview.jsx","statementMap":{"0":{"start":{"line":8,"column":17},"end":{"line":94,"column":1}},"1":{"start":{"line":9,"column":34},"end":{"line":9,"column":55}},"2":{"start":{"line":10,"column":38},"end":{"line":10,"column":49}},"3":{"start":{"line":11,"column":44},"end":{"line":11,"column":56}},"4":{"start":{"line":12,"column":42},"end":{"line":12,"column":54}},"5":{"start":{"line":13,"column":17},"end":{"line":13,"column":31}},"6":{"start":{"line":14,"column":40},"end":{"line":14,"column":50}},"7":{"start":{"line":16,"column":2},"end":{"line":66,"column":19}},"8":{"start":{"line":17,"column":4},"end":{"line":17,"column":25}},"9":{"start":{"line":18,"column":4},"end":{"line":18,"column":29}},"10":{"start":{"line":19,"column":14},"end":{"line":19,"column":47}},"11":{"start":{"line":21,"column":4},"end":{"line":36,"column":38}},"12":{"start":{"line":24,"column":8},"end":{"line":24,"column":82}},"13":{"start":{"line":24,"column":41},"end":{"line":24,"column":80}},"14":{"start":{"line":26,"column":10},"end":{"line":32,"column":11}},"15":{"start":{"line":27,"column":12},"end":{"line":31,"column":13}},"16":{"start":{"line":29,"column":14},"end":{"line":29,"column":37}},"17":{"start":{"line":30,"column":14},"end":{"line":30,"column":20}},"18":{"start":{"line":36,"column":20},"end":{"line":36,"column":36}},"19":{"start":{"line":38,"column":6},"end":{"line":38,"column":23}},"20":{"start":{"line":39,"column":19},"end":{"line":39,"column":62}},"21":{"start":{"line":40,"column":6},"end":{"line":45,"column":37}},"22":{"start":{"line":43,"column":8},"end":{"line":43,"column":51}},"23":{"start":{"line":45,"column":19},"end":{"line":45,"column":35}},"24":{"start":{"line":47,"column":6},"end":{"line":47,"column":28}},"25":{"start":{"line":48,"column":6},"end":{"line":48,"column":44}},"26":{"start":{"line":49,"column":6},"end":{"line":63,"column":38}},"27":{"start":{"line":52,"column":24},"end":{"line":52,"column":25}},"28":{"start":{"line":53,"column":20},"end":{"line":53,"column":21}},"29":{"start":{"line":54,"column":8},"end":{"line":57,"column":9}},"30":{"start":{"line":55,"column":10},"end":{"line":55,"column":50}},"31":{"start":{"line":56,"column":10},"end":{"line":56,"column":52}},"32":{"start":{"line":59,"column":8},"end":{"line":59,"column":27}},"33":{"start":{"line":61,"column":8},"end":{"line":61,"column":33}},"34":{"start":{"line":63,"column":20},"end":{"line":63,"column":36}},"35":{"start":{"line":69,"column":0},"end":{"line":73,"column":1}},"36":{"start":{"line":70,"column":2},"end":{"line":72,"column":3}},"37":{"start":{"line":74,"column":2},"end":{"line":93,"column":3}}},"fnMap":{"0":{"name":"(anonymous_0)","decl":{"start":{"line":8,"column":17},"end":{"line":8,"column":18}},"loc":{"start":{"line":8,"column":36},"end":{"line":94,"column":1}},"line":8},"1":{"name":"(anonymous_1)","decl":{"start":{"line":16,"column":12},"end":{"line":16,"column":13}},"loc":{"start":{"line":16,"column":16},"end":{"line":66,"column":3}},"line":16},"2":{"name":"(anonymous_2)","decl":{"start":{"line":22,"column":12},"end":{"line":22,"column":13}},"loc":{"start":{"line":22,"column":22},"end":{"line":35,"column":7}},"line":22},"3":{"name":"(anonymous_3)","decl":{"start":{"line":24,"column":25},"end":{"line":24,"column":26}},"loc":{"start":{"line":24,"column":41},"end":{"line":24,"column":80}},"line":24},"4":{"name":"(anonymous_4)","decl":{"start":{"line":36,"column":13},"end":{"line":36,"column":14}},"loc":{"start":{"line":36,"column":20},"end":{"line":36,"column":36}},"line":36},"5":{"name":"(anonymous_5)","decl":{"start":{"line":41,"column":12},"end":{"line":41,"column":13}},"loc":{"start":{"line":41,"column":22},"end":{"line":44,"column":7}},"line":41},"6":{"name":"(anonymous_6)","decl":{"start":{"line":45,"column":13},"end":{"line":45,"column":14}},"loc":{"start":{"line":45,"column":19},"end":{"line":45,"column":35}},"line":45},"7":{"name":"(anonymous_7)","decl":{"start":{"line":50,"column":12},"end":{"line":50,"column":13}},"loc":{"start":{"line":50,"column":22},"end":{"line":62,"column":7}},"line":50},"8":{"name":"(anonymous_8)","decl":{"start":{"line":63,"column":13},"end":{"line":63,"column":14}},"loc":{"start":{"line":63,"column":20},"end":{"line":63,"column":36}},"line":63}},"branchMap":{"0":{"loc":{"start":{"line":27,"column":12},"end":{"line":31,"column":13}},"type":"if","locations":[{"start":{"line":27,"column":12},"end":{"line":31,"column":13}},{"start":{},"end":{}}],"line":27},"1":{"loc":{"start":{"line":69,"column":0},"end":{"line":73,"column":1}},"type":"if","locations":[{"start":{"line":69,"column":0},"end":{"line":73,"column":1}},{"start":{},"end":{}}],"line":69}},"s":{"0":1,"1":0,"2":0,"3":0,"4":0,"5":0,"6":0,"7":0,"8":0,"9":0,"10":0,"11":0,"12":0,"13":0,"14":0,"15":0,"16":0,"17":0,"18":0,"19":0,"20":0,"21":0,"22":0,"23":0,"24":0,"25":0,"26":0,"27":0,"28":0,"29":0,"30":0,"31":0,"32":0,"33":0,"34":0,"35":0,"36":0,"37":0},"f":{"0":0,"1":0,"2":0,"3":0,"4":0,"5":0,"6":0,"7":0,"8":0},"b":{"0":[0,0],"1":[0,0]},"_coverageSchema":"1a1c01bbd47fc00a2c39e90264f33305004495a9","hash":"c1ddc52dfefbe0f0475f09e7a2a44ba1280a1481"}
,"/Users/xinhuangliu/hackReactor/FEC/l91234567/Toy-Story/client/src/components/Overview/OverviewAddToCart.jsx": {"path":"/Users/xinhuangliu/hackReactor/FEC/l91234567/Toy-Story/client/src/components/Overview/OverviewAddToCart.jsx","statementMap":{"0":{"start":{"line":6,"column":32},"end":{"line":6,"column":44}},"1":{"start":{"line":7,"column":35},"end":{"line":7,"column":47}},"2":{"start":{"line":8,"column":22},"end":{"line":8,"column":30}},"3":{"start":{"line":9,"column":18},"end":{"line":9,"column":26}},"4":{"start":{"line":11,"column":25},"end":{"line":11,"column":58}},"5":{"start":{"line":13,"column":2},"end":{"line":42,"column":20}},"6":{"start":{"line":15,"column":4},"end":{"line":40,"column":5}},"7":{"start":{"line":16,"column":6},"end":{"line":16,"column":21}},"8":{"start":{"line":17,"column":20},"end":{"line":17,"column":22}},"9":{"start":{"line":18,"column":6},"end":{"line":18,"column":23}},"10":{"start":{"line":19,"column":6},"end":{"line":22,"column":7}},"11":{"start":{"line":20,"column":8},"end":{"line":20,"column":46}},"12":{"start":{"line":21,"column":8},"end":{"line":21,"column":39}},"13":{"start":{"line":24,"column":6},"end":{"line":36,"column":7}},"14":{"start":{"line":26,"column":8},"end":{"line":35,"column":9}},"15":{"start":{"line":27,"column":10},"end":{"line":27,"column":50}},"16":{"start":{"line":28,"column":10},"end":{"line":28,"column":86}},"17":{"start":{"line":29,"column":10},"end":{"line":29,"column":56}},"18":{"start":{"line":31,"column":21},"end":{"line":31,"column":46}},"19":{"start":{"line":33,"column":10},"end":{"line":33,"column":58}},"20":{"start":{"line":33,"column":36},"end":{"line":33,"column":56}},"21":{"start":{"line":37,"column":6},"end":{"line":37,"column":26}},"22":{"start":{"line":45,"column":42},"end":{"line":45,"column":52}},"23":{"start":{"line":47,"column":29},"end":{"line":51,"column":3}},"24":{"start":{"line":48,"column":4},"end":{"line":48,"column":36}},"25":{"start":{"line":49,"column":4},"end":{"line":49,"column":51}},"26":{"start":{"line":50,"column":4},"end":{"line":50,"column":29}},"27":{"start":{"line":53,"column":58},"end":{"line":53,"column":73}},"28":{"start":{"line":54,"column":2},"end":{"line":84,"column":20}},"29":{"start":{"line":55,"column":4},"end":{"line":61,"column":5}},"30":{"start":{"line":56,"column":6},"end":{"line":56,"column":41}},"31":{"start":{"line":57,"column":6},"end":{"line":57,"column":37}},"32":{"start":{"line":60,"column":6},"end":{"line":60,"column":13}},"33":{"start":{"line":63,"column":4},"end":{"line":82,"column":5}},"34":{"start":{"line":64,"column":6},"end":{"line":64,"column":43}},"35":{"start":{"line":67,"column":6},"end":{"line":80,"column":7}},"36":{"start":{"line":69,"column":8},"end":{"line":69,"column":36}},"37":{"start":{"line":70,"column":8},"end":{"line":73,"column":9}},"38":{"start":{"line":70,"column":21},"end":{"line":70,"column":22}},"39":{"start":{"line":71,"column":21},"end":{"line":71,"column":22}},"40":{"start":{"line":72,"column":10},"end":{"line":72,"column":91}},"41":{"start":{"line":72,"column":58},"end":{"line":72,"column":89}},"42":{"start":{"line":75,"column":8},"end":{"line":75,"column":36}},"43":{"start":{"line":76,"column":8},"end":{"line":79,"column":9}},"44":{"start":{"line":76,"column":21},"end":{"line":76,"column":22}},"45":{"start":{"line":77,"column":21},"end":{"line":77,"column":22}},"46":{"start":{"line":78,"column":10},"end":{"line":78,"column":91}},"47":{"start":{"line":78,"column":58},"end":{"line":78,"column":89}},"48":{"start":{"line":81,"column":6},"end":{"line":81,"column":36}},"49":{"start":{"line":86,"column":21},"end":{"line":86,"column":29}},"50":{"start":{"line":92,"column":27},"end":{"line":118,"column":3}},"51":{"start":{"line":93,"column":4},"end":{"line":93,"column":53}},"52":{"start":{"line":95,"column":4},"end":{"line":111,"column":5}},"53":{"start":{"line":97,"column":6},"end":{"line":97,"column":31}},"54":{"start":{"line":98,"column":6},"end":{"line":98,"column":54}},"55":{"start":{"line":100,"column":14},"end":{"line":100,"column":39}},"56":{"start":{"line":101,"column":15},"end":{"line":101,"column":43}},"57":{"start":{"line":102,"column":17},"end":{"line":102,"column":29}},"58":{"start":{"line":103,"column":16},"end":{"line":103,"column":23}},"59":{"start":{"line":105,"column":6},"end":{"line":109,"column":7}},"60":{"start":{"line":105,"column":19},"end":{"line":105,"column":20}},"61":{"start":{"line":106,"column":8},"end":{"line":108,"column":42}},"62":{"start":{"line":107,"column":26},"end":{"line":107,"column":50}},"63":{"start":{"line":108,"column":24},"end":{"line":108,"column":40}},"64":{"start":{"line":113,"column":4},"end":{"line":115,"column":42}},"65":{"start":{"line":114,"column":20},"end":{"line":114,"column":44}},"66":{"start":{"line":115,"column":24},"end":{"line":115,"column":40}},"67":{"start":{"line":121,"column":2},"end":{"line":165,"column":3}},"68":{"start":{"line":123,"column":4},"end":{"line":163,"column":5}},"69":{"start":{"line":132,"column":12},"end":{"line":134,"column":13}},"70":{"start":{"line":151,"column":10},"end":{"line":153,"column":11}},"71":{"start":{"line":167,"column":2},"end":{"line":187,"column":3}}},"fnMap":{"0":{"name":"(anonymous_0)","decl":{"start":{"line":5,"column":15},"end":{"line":5,"column":16}},"loc":{"start":{"line":5,"column":39},"end":{"line":190,"column":1}},"line":5},"1":{"name":"(anonymous_1)","decl":{"start":{"line":13,"column":12},"end":{"line":13,"column":13}},"loc":{"start":{"line":13,"column":18},"end":{"line":42,"column":3}},"line":13},"2":{"name":"(anonymous_2)","decl":{"start":{"line":33,"column":23},"end":{"line":33,"column":24}},"loc":{"start":{"line":33,"column":36},"end":{"line":33,"column":56}},"line":33},"3":{"name":"(anonymous_3)","decl":{"start":{"line":47,"column":29},"end":{"line":47,"column":30}},"loc":{"start":{"line":47,"column":36},"end":{"line":51,"column":3}},"line":47},"4":{"name":"(anonymous_4)","decl":{"start":{"line":54,"column":12},"end":{"line":54,"column":13}},"loc":{"start":{"line":54,"column":17},"end":{"line":84,"column":3}},"line":54},"5":{"name":"(anonymous_5)","decl":{"start":{"line":72,"column":34},"end":{"line":72,"column":35}},"loc":{"start":{"line":72,"column":58},"end":{"line":72,"column":89}},"line":72},"6":{"name":"(anonymous_6)","decl":{"start":{"line":78,"column":34},"end":{"line":78,"column":35}},"loc":{"start":{"line":78,"column":58},"end":{"line":78,"column":89}},"line":78},"7":{"name":"(anonymous_7)","decl":{"start":{"line":92,"column":27},"end":{"line":92,"column":28}},"loc":{"start":{"line":92,"column":34},"end":{"line":118,"column":3}},"line":92},"8":{"name":"(anonymous_8)","decl":{"start":{"line":107,"column":16},"end":{"line":107,"column":17}},"loc":{"start":{"line":107,"column":26},"end":{"line":107,"column":50}},"line":107},"9":{"name":"(anonymous_9)","decl":{"start":{"line":108,"column":17},"end":{"line":108,"column":18}},"loc":{"start":{"line":108,"column":24},"end":{"line":108,"column":40}},"line":108},"10":{"name":"(anonymous_10)","decl":{"start":{"line":114,"column":10},"end":{"line":114,"column":11}},"loc":{"start":{"line":114,"column":20},"end":{"line":114,"column":44}},"line":114},"11":{"name":"(anonymous_11)","decl":{"start":{"line":115,"column":17},"end":{"line":115,"column":18}},"loc":{"start":{"line":115,"column":24},"end":{"line":115,"column":40}},"line":115},"12":{"name":"(anonymous_12)","decl":{"start":{"line":130,"column":24},"end":{"line":130,"column":25}},"loc":{"start":{"line":130,"column":29},"end":{"line":135,"column":11}},"line":130},"13":{"name":"(anonymous_13)","decl":{"start":{"line":149,"column":32},"end":{"line":149,"column":33}},"loc":{"start":{"line":149,"column":37},"end":{"line":154,"column":9}},"line":149}},"branchMap":{"0":{"loc":{"start":{"line":15,"column":4},"end":{"line":40,"column":5}},"type":"if","locations":[{"start":{"line":15,"column":4},"end":{"line":40,"column":5}},{"start":{},"end":{}}],"line":15},"1":{"loc":{"start":{"line":19,"column":6},"end":{"line":22,"column":7}},"type":"if","locations":[{"start":{"line":19,"column":6},"end":{"line":22,"column":7}},{"start":{},"end":{}}],"line":19},"2":{"loc":{"start":{"line":26,"column":8},"end":{"line":35,"column":9}},"type":"if","locations":[{"start":{"line":26,"column":8},"end":{"line":35,"column":9}},{"start":{},"end":{}}],"line":26},"3":{"loc":{"start":{"line":55,"column":4},"end":{"line":61,"column":5}},"type":"if","locations":[{"start":{"line":55,"column":4},"end":{"line":61,"column":5}},{"start":{},"end":{}}],"line":55},"4":{"loc":{"start":{"line":63,"column":4},"end":{"line":82,"column":5}},"type":"if","locations":[{"start":{"line":63,"column":4},"end":{"line":82,"column":5}},{"start":{},"end":{}}],"line":63},"5":{"loc":{"start":{"line":67,"column":6},"end":{"line":80,"column":7}},"type":"if","locations":[{"start":{"line":67,"column":6},"end":{"line":80,"column":7}},{"start":{"line":74,"column":13},"end":{"line":80,"column":7}}],"line":67},"6":{"loc":{"start":{"line":95,"column":4},"end":{"line":111,"column":5}},"type":"if","locations":[{"start":{"line":95,"column":4},"end":{"line":111,"column":5}},{"start":{"line":99,"column":10},"end":{"line":111,"column":5}}],"line":95},"7":{"loc":{"start":{"line":121,"column":2},"end":{"line":165,"column":3}},"type":"if","locations":[{"start":{"line":121,"column":2},"end":{"line":165,"column":3}},{"start":{},"end":{}}],"line":121}},"s":{"0":0,"1":0,"2":0,"3":0,"4":0,"5":0,"6":0,"7":0,"8":0,"9":0,"10":0,"11":0,"12":0,"13":0,"14":0,"15":0,"16":0,"17":0,"18":0,"19":0,"20":0,"21":0,"22":0,"23":0,"24":0,"25":0,"26":0,"27":0,"28":0,"29":0,"30":0,"31":0,"32":0,"33":0,"34":0,"35":0,"36":0,"37":0,"38":0,"39":0,"40":0,"41":0,"42":0,"43":0,"44":0,"45":0,"46":0,"47":0,"48":0,"49":0,"50":0,"51":0,"52":0,"53":0,"54":0,"55":0,"56":0,"57":0,"58":0,"59":0,"60":0,"61":0,"62":0,"63":0,"64":0,"65":0,"66":0,"67":0,"68":0,"69":0,"70":0,"71":0},"f":{"0":0,"1":0,"2":0,"3":0,"4":0,"5":0,"6":0,"7":0,"8":0,"9":0,"10":0,"11":0,"12":0,"13":0},"b":{"0":[0,0],"1":[0,0],"2":[0,0],"3":[0,0],"4":[0,0],"5":[0,0],"6":[0,0],"7":[0,0]},"_coverageSchema":"1a1c01bbd47fc00a2c39e90264f33305004495a9","hash":"708cbe73a0805d5a3b296ed8b676965e7fbf52e5"}
,"/Users/xinhuangliu/hackReactor/FEC/l91234567/Toy-Story/client/src/components/Overview/OverviewDescription.jsx": {"path":"/Users/xinhuangliu/hackReactor/FEC/l91234567/Toy-Story/client/src/components/Overview/OverviewDescription.jsx","statementMap":{"0":{"start":{"line":7,"column":30},"end":{"line":7,"column":55}},"1":{"start":{"line":8,"column":40},"end":{"line":8,"column":70}},"2":{"start":{"line":9,"column":34},"end":{"line":9,"column":61}},"3":{"start":{"line":10,"column":25},"end":{"line":10,"column":58}},"4":{"start":{"line":11,"column":2},"end":{"line":15,"column":16}},"5":{"start":{"line":12,"column":4},"end":{"line":12,"column":31}},"6":{"start":{"line":13,"column":4},"end":{"line":13,"column":41}},"7":{"start":{"line":14,"column":4},"end":{"line":14,"column":35}},"8":{"start":{"line":17,"column":28},"end":{"line":17,"column":90}},"9":{"start":{"line":18,"column":28},"end":{"line":18,"column":92}},"10":{"start":{"line":19,"column":30},"end":{"line":19,"column":99}},"11":{"start":{"line":21,"column":2},"end":{"line":56,"column":3}},"12":{"start":{"line":34,"column":52},"end":{"line":34,"column":106}},"13":{"start":{"line":38,"column":52},"end":{"line":38,"column":105}},"14":{"start":{"line":42,"column":53},"end":{"line":42,"column":108}},"15":{"start":{"line":48,"column":10},"end":{"line":51,"column":11}}},"fnMap":{"0":{"name":"(anonymous_0)","decl":{"start":{"line":6,"column":15},"end":{"line":6,"column":16}},"loc":{"start":{"line":6,"column":36},"end":{"line":57,"column":1}},"line":6},"1":{"name":"(anonymous_1)","decl":{"start":{"line":11,"column":12},"end":{"line":11,"column":13}},"loc":{"start":{"line":11,"column":17},"end":{"line":15,"column":3}},"line":11},"2":{"name":"(anonymous_2)","decl":{"start":{"line":34,"column":47},"end":{"line":34,"column":48}},"loc":{"start":{"line":34,"column":51},"end":{"line":34,"column":107}},"line":34},"3":{"name":"(anonymous_3)","decl":{"start":{"line":38,"column":47},"end":{"line":38,"column":48}},"loc":{"start":{"line":38,"column":51},"end":{"line":38,"column":106}},"line":38},"4":{"name":"(anonymous_4)","decl":{"start":{"line":42,"column":48},"end":{"line":42,"column":49}},"loc":{"start":{"line":42,"column":52},"end":{"line":42,"column":109}},"line":42},"5":{"name":"(anonymous_5)","decl":{"start":{"line":47,"column":22},"end":{"line":47,"column":23}},"loc":{"start":{"line":47,"column":36},"end":{"line":52,"column":9}},"line":47}},"branchMap":{},"s":{"0":0,"1":0,"2":0,"3":0,"4":0,"5":0,"6":0,"7":0,"8":0,"9":0,"10":0,"11":0,"12":0,"13":0,"14":0,"15":0},"f":{"0":0,"1":0,"2":0,"3":0,"4":0,"5":0},"b":{},"_coverageSchema":"1a1c01bbd47fc00a2c39e90264f33305004495a9","hash":"f4adbde0ae0b9414429e44a09a03d3f17f43671f"}
,"/Users/xinhuangliu/hackReactor/FEC/l91234567/Toy-Story/client/src/components/Overview/OverviewExpandedViewImages.jsx": {"path":"/Users/xinhuangliu/hackReactor/FEC/l91234567/Toy-Story/client/src/components/Overview/OverviewExpandedViewImages.jsx","statementMap":{"0":{"start":{"line":4,"column":17},"end":{"line":4,"column":25}},"1":{"start":{"line":5,"column":20},"end":{"line":5,"column":28}},"2":{"start":{"line":6,"column":30},"end":{"line":6,"column":45}},"3":{"start":{"line":7,"column":25},"end":{"line":7,"column":58}},"4":{"start":{"line":8,"column":26},"end":{"line":11,"column":3}},"5":{"start":{"line":9,"column":4},"end":{"line":9,"column":63}},"6":{"start":{"line":10,"column":4},"end":{"line":10,"column":23}},"7":{"start":{"line":13,"column":2},"end":{"line":27,"column":13}},"8":{"start":{"line":14,"column":4},"end":{"line":26,"column":5}},"9":{"start":{"line":15,"column":6},"end":{"line":15,"column":76}},"10":{"start":{"line":16,"column":6},"end":{"line":16,"column":39}},"11":{"start":{"line":18,"column":6},"end":{"line":18,"column":77}},"12":{"start":{"line":19,"column":6},"end":{"line":25,"column":7}},"13":{"start":{"line":20,"column":8},"end":{"line":20,"column":41}},"14":{"start":{"line":21,"column":13},"end":{"line":25,"column":7}},"15":{"start":{"line":22,"column":8},"end":{"line":22,"column":41}},"16":{"start":{"line":24,"column":8},"end":{"line":24,"column":41}},"17":{"start":{"line":29,"column":25},"end":{"line":43,"column":3}},"18":{"start":{"line":31,"column":4},"end":{"line":41,"column":5}},"19":{"start":{"line":32,"column":6},"end":{"line":32,"column":47}},"20":{"start":{"line":33,"column":14},"end":{"line":33,"column":49}},"21":{"start":{"line":34,"column":14},"end":{"line":34,"column":51}},"22":{"start":{"line":35,"column":6},"end":{"line":35,"column":15}},"23":{"start":{"line":36,"column":6},"end":{"line":36,"column":15}},"24":{"start":{"line":38,"column":6},"end":{"line":38,"column":68}},"25":{"start":{"line":39,"column":6},"end":{"line":39,"column":50}},"26":{"start":{"line":45,"column":2},"end":{"line":49,"column":3}}},"fnMap":{"0":{"name":"(anonymous_0)","decl":{"start":{"line":3,"column":15},"end":{"line":3,"column":16}},"loc":{"start":{"line":3,"column":115},"end":{"line":50,"column":1}},"line":3},"1":{"name":"(anonymous_1)","decl":{"start":{"line":8,"column":26},"end":{"line":8,"column":27}},"loc":{"start":{"line":8,"column":32},"end":{"line":11,"column":3}},"line":8},"2":{"name":"(anonymous_2)","decl":{"start":{"line":13,"column":12},"end":{"line":13,"column":13}},"loc":{"start":{"line":13,"column":17},"end":{"line":27,"column":3}},"line":13},"3":{"name":"(anonymous_3)","decl":{"start":{"line":29,"column":25},"end":{"line":29,"column":26}},"loc":{"start":{"line":29,"column":30},"end":{"line":43,"column":3}},"line":29}},"branchMap":{"0":{"loc":{"start":{"line":14,"column":4},"end":{"line":26,"column":5}},"type":"if","locations":[{"start":{"line":14,"column":4},"end":{"line":26,"column":5}},{"start":{"line":17,"column":11},"end":{"line":26,"column":5}}],"line":14},"1":{"loc":{"start":{"line":19,"column":6},"end":{"line":25,"column":7}},"type":"if","locations":[{"start":{"line":19,"column":6},"end":{"line":25,"column":7}},{"start":{"line":21,"column":13},"end":{"line":25,"column":7}}],"line":19},"2":{"loc":{"start":{"line":21,"column":13},"end":{"line":25,"column":7}},"type":"if","locations":[{"start":{"line":21,"column":13},"end":{"line":25,"column":7}},{"start":{"line":23,"column":13},"end":{"line":25,"column":7}}],"line":21},"3":{"loc":{"start":{"line":31,"column":4},"end":{"line":41,"column":5}},"type":"if","locations":[{"start":{"line":31,"column":4},"end":{"line":41,"column":5}},{"start":{},"end":{}}],"line":31}},"s":{"0":0,"1":0,"2":0,"3":0,"4":0,"5":0,"6":0,"7":0,"8":0,"9":0,"10":0,"11":0,"12":0,"13":0,"14":0,"15":0,"16":0,"17":0,"18":0,"19":0,"20":0,"21":0,"22":0,"23":0,"24":0,"25":0,"26":0},"f":{"0":0,"1":0,"2":0,"3":0},"b":{"0":[0,0],"1":[0,0],"2":[0,0],"3":[0,0]},"_coverageSchema":"1a1c01bbd47fc00a2c39e90264f33305004495a9","hash":"d36ca5dcd7725c55b338123a72dffc1b5eab58bb"}
,"/Users/xinhuangliu/hackReactor/FEC/l91234567/Toy-Story/client/src/components/Overview/OverviewExpandedViewThumbnails.jsx": {"path":"/Users/xinhuangliu/hackReactor/FEC/l91234567/Toy-Story/client/src/components/Overview/OverviewExpandedViewThumbnails.jsx","statementMap":{"0":{"start":{"line":4,"column":25},"end":{"line":4,"column":58}},"1":{"start":{"line":5,"column":23},"end":{"line":5,"column":31}},"2":{"start":{"line":6,"column":2},"end":{"line":17,"column":18}},"3":{"start":{"line":7,"column":4},"end":{"line":15,"column":5}},"4":{"start":{"line":9,"column":6},"end":{"line":11,"column":7}},"5":{"start":{"line":10,"column":8},"end":{"line":10,"column":61}},"6":{"start":{"line":12,"column":6},"end":{"line":14,"column":7}},"7":{"start":{"line":13,"column":8},"end":{"line":13,"column":61}},"8":{"start":{"line":19,"column":2},"end":{"line":26,"column":20}},"9":{"start":{"line":20,"column":4},"end":{"line":20,"column":26}},"10":{"start":{"line":21,"column":4},"end":{"line":21,"column":57}},"11":{"start":{"line":22,"column":4},"end":{"line":22,"column":21}},"12":{"start":{"line":23,"column":4},"end":{"line":25,"column":5}},"13":{"start":{"line":24,"column":6},"end":{"line":24,"column":59}},"14":{"start":{"line":28,"column":27},"end":{"line":35,"column":3}},"15":{"start":{"line":29,"column":4},"end":{"line":29,"column":59}},"16":{"start":{"line":30,"column":4},"end":{"line":30,"column":34}},"17":{"start":{"line":31,"column":4},"end":{"line":31,"column":25}},"18":{"start":{"line":32,"column":4},"end":{"line":32,"column":55}},"19":{"start":{"line":33,"column":4},"end":{"line":33,"column":83}},"20":{"start":{"line":34,"column":4},"end":{"line":34,"column":36}},"21":{"start":{"line":38,"column":2},"end":{"line":42,"column":3}}},"fnMap":{"0":{"name":"(anonymous_0)","decl":{"start":{"line":3,"column":15},"end":{"line":3,"column":16}},"loc":{"start":{"line":3,"column":219},"end":{"line":43,"column":1}},"line":3},"1":{"name":"(anonymous_1)","decl":{"start":{"line":6,"column":12},"end":{"line":6,"column":13}},"loc":{"start":{"line":6,"column":17},"end":{"line":17,"column":3}},"line":6},"2":{"name":"(anonymous_2)","decl":{"start":{"line":19,"column":12},"end":{"line":19,"column":13}},"loc":{"start":{"line":19,"column":17},"end":{"line":26,"column":3}},"line":19},"3":{"name":"(anonymous_3)","decl":{"start":{"line":28,"column":27},"end":{"line":28,"column":28}},"loc":{"start":{"line":28,"column":31},"end":{"line":35,"column":3}},"line":28}},"branchMap":{"0":{"loc":{"start":{"line":7,"column":4},"end":{"line":15,"column":5}},"type":"if","locations":[{"start":{"line":7,"column":4},"end":{"line":15,"column":5}},{"start":{},"end":{}}],"line":7},"1":{"loc":{"start":{"line":9,"column":6},"end":{"line":11,"column":7}},"type":"if","locations":[{"start":{"line":9,"column":6},"end":{"line":11,"column":7}},{"start":{},"end":{}}],"line":9},"2":{"loc":{"start":{"line":12,"column":6},"end":{"line":14,"column":7}},"type":"if","locations":[{"start":{"line":12,"column":6},"end":{"line":14,"column":7}},{"start":{},"end":{}}],"line":12},"3":{"loc":{"start":{"line":23,"column":4},"end":{"line":25,"column":5}},"type":"if","locations":[{"start":{"line":23,"column":4},"end":{"line":25,"column":5}},{"start":{},"end":{}}],"line":23}},"s":{"0":0,"1":0,"2":0,"3":0,"4":0,"5":0,"6":0,"7":0,"8":0,"9":0,"10":0,"11":0,"12":0,"13":0,"14":0,"15":0,"16":0,"17":0,"18":0,"19":0,"20":0,"21":0},"f":{"0":0,"1":0,"2":0,"3":0},"b":{"0":[0,0],"1":[0,0],"2":[0,0],"3":[0,0]},"_coverageSchema":"1a1c01bbd47fc00a2c39e90264f33305004495a9","hash":"b3faefb4fecf3fe9cc4d0a84f470a51d9bc85715"}
,"/Users/xinhuangliu/hackReactor/FEC/l91234567/Toy-Story/client/src/components/Overview/OverviewImageExpandedView.jsx": {"path":"/Users/xinhuangliu/hackReactor/FEC/l91234567/Toy-Story/client/src/components/Overview/OverviewImageExpandedView.jsx","statementMap":{"0":{"start":{"line":9,"column":25},"end":{"line":9,"column":58}},"1":{"start":{"line":12,"column":28},"end":{"line":22,"column":3}},"2":{"start":{"line":13,"column":4},"end":{"line":13,"column":65}},"3":{"start":{"line":14,"column":4},"end":{"line":21,"column":5}},"4":{"start":{"line":15,"column":6},"end":{"line":15,"column":36}},"5":{"start":{"line":16,"column":6},"end":{"line":16,"column":34}},"6":{"start":{"line":18,"column":6},"end":{"line":20,"column":7}},"7":{"start":{"line":19,"column":8},"end":{"line":19,"column":74}},"8":{"start":{"line":24,"column":29},"end":{"line":35,"column":3}},"9":{"start":{"line":25,"column":4},"end":{"line":25,"column":66}},"10":{"start":{"line":26,"column":4},"end":{"line":34,"column":5}},"11":{"start":{"line":27,"column":6},"end":{"line":27,"column":36}},"12":{"start":{"line":28,"column":6},"end":{"line":28,"column":34}},"13":{"start":{"line":30,"column":6},"end":{"line":32,"column":7}},"14":{"start":{"line":31,"column":8},"end":{"line":31,"column":74}},"15":{"start":{"line":37,"column":30},"end":{"line":40,"column":3}},"16":{"start":{"line":38,"column":4},"end":{"line":38,"column":68}},"17":{"start":{"line":39,"column":4},"end":{"line":39,"column":44}},"18":{"start":{"line":42,"column":31},"end":{"line":42,"column":39}},"19":{"start":{"line":43,"column":34},"end":{"line":43,"column":42}},"20":{"start":{"line":44,"column":39},"end":{"line":44,"column":49}},"21":{"start":{"line":48,"column":2},"end":{"line":81,"column":3}},"22":{"start":{"line":56,"column":14},"end":{"line":58,"column":15}},"23":{"start":{"line":67,"column":10},"end":{"line":70,"column":11}}},"fnMap":{"0":{"name":"(anonymous_0)","decl":{"start":{"line":7,"column":15},"end":{"line":7,"column":16}},"loc":{"start":{"line":7,"column":320},"end":{"line":83,"column":1}},"line":7},"1":{"name":"(anonymous_1)","decl":{"start":{"line":12,"column":28},"end":{"line":12,"column":29}},"loc":{"start":{"line":12,"column":35},"end":{"line":22,"column":3}},"line":12},"2":{"name":"(anonymous_2)","decl":{"start":{"line":24,"column":29},"end":{"line":24,"column":30}},"loc":{"start":{"line":24,"column":36},"end":{"line":35,"column":3}},"line":24},"3":{"name":"(anonymous_3)","decl":{"start":{"line":37,"column":30},"end":{"line":37,"column":31}},"loc":{"start":{"line":37,"column":35},"end":{"line":40,"column":3}},"line":37},"4":{"name":"(anonymous_4)","decl":{"start":{"line":55,"column":31},"end":{"line":55,"column":32}},"loc":{"start":{"line":55,"column":45},"end":{"line":59,"column":13}},"line":55},"5":{"name":"(anonymous_5)","decl":{"start":{"line":66,"column":36},"end":{"line":66,"column":37}},"loc":{"start":{"line":66,"column":50},"end":{"line":71,"column":9}},"line":66}},"branchMap":{"0":{"loc":{"start":{"line":14,"column":4},"end":{"line":21,"column":5}},"type":"if","locations":[{"start":{"line":14,"column":4},"end":{"line":21,"column":5}},{"start":{},"end":{}}],"line":14},"1":{"loc":{"start":{"line":18,"column":6},"end":{"line":20,"column":7}},"type":"if","locations":[{"start":{"line":18,"column":6},"end":{"line":20,"column":7}},{"start":{},"end":{}}],"line":18},"2":{"loc":{"start":{"line":26,"column":4},"end":{"line":34,"column":5}},"type":"if","locations":[{"start":{"line":26,"column":4},"end":{"line":34,"column":5}},{"start":{},"end":{}}],"line":26},"3":{"loc":{"start":{"line":30,"column":6},"end":{"line":32,"column":7}},"type":"if","locations":[{"start":{"line":30,"column":6},"end":{"line":32,"column":7}},{"start":{},"end":{}}],"line":30}},"s":{"0":0,"1":0,"2":0,"3":0,"4":0,"5":0,"6":0,"7":0,"8":0,"9":0,"10":0,"11":0,"12":0,"13":0,"14":0,"15":0,"16":0,"17":0,"18":0,"19":0,"20":0,"21":0,"22":0,"23":0},"f":{"0":0,"1":0,"2":0,"3":0,"4":0,"5":0},"b":{"0":[0,0],"1":[0,0],"2":[0,0],"3":[0,0]},"_coverageSchema":"1a1c01bbd47fc00a2c39e90264f33305004495a9","hash":"fa06cec2c915623a4c485703f08c5121753f550b"}
,"/Users/xinhuangliu/hackReactor/FEC/l91234567/Toy-Story/client/src/components/Overview/OverviewImageThumbnails.jsx": {"path":"/Users/xinhuangliu/hackReactor/FEC/l91234567/Toy-Story/client/src/components/Overview/OverviewImageThumbnails.jsx","statementMap":{"0":{"start":{"line":4,"column":23},"end":{"line":4,"column":31}},"1":{"start":{"line":5,"column":25},"end":{"line":5,"column":58}},"2":{"start":{"line":6,"column":2},"end":{"line":17,"column":18}},"3":{"start":{"line":7,"column":4},"end":{"line":15,"column":5}},"4":{"start":{"line":9,"column":6},"end":{"line":11,"column":7}},"5":{"start":{"line":10,"column":8},"end":{"line":10,"column":61}},"6":{"start":{"line":12,"column":6},"end":{"line":14,"column":7}},"7":{"start":{"line":13,"column":8},"end":{"line":13,"column":61}},"8":{"start":{"line":19,"column":2},"end":{"line":26,"column":20}},"9":{"start":{"line":20,"column":4},"end":{"line":20,"column":26}},"10":{"start":{"line":21,"column":4},"end":{"line":21,"column":57}},"11":{"start":{"line":22,"column":4},"end":{"line":22,"column":21}},"12":{"start":{"line":23,"column":4},"end":{"line":25,"column":5}},"13":{"start":{"line":24,"column":6},"end":{"line":24,"column":59}},"14":{"start":{"line":29,"column":2},"end":{"line":36,"column":3}},"15":{"start":{"line":31,"column":6},"end":{"line":31,"column":75}},"16":{"start":{"line":32,"column":6},"end":{"line":32,"column":36}},"17":{"start":{"line":33,"column":6},"end":{"line":33,"column":27}}},"fnMap":{"0":{"name":"OverviewImageThumbnails","decl":{"start":{"line":3,"column":10},"end":{"line":3,"column":33}},"loc":{"start":{"line":3,"column":154},"end":{"line":37,"column":1}},"line":3},"1":{"name":"(anonymous_1)","decl":{"start":{"line":6,"column":12},"end":{"line":6,"column":13}},"loc":{"start":{"line":6,"column":17},"end":{"line":17,"column":3}},"line":6},"2":{"name":"(anonymous_2)","decl":{"start":{"line":19,"column":12},"end":{"line":19,"column":13}},"loc":{"start":{"line":19,"column":17},"end":{"line":26,"column":3}},"line":19},"3":{"name":"(anonymous_3)","decl":{"start":{"line":30,"column":91},"end":{"line":30,"column":92}},"loc":{"start":{"line":30,"column":97},"end":{"line":33,"column":28}},"line":30}},"branchMap":{"0":{"loc":{"start":{"line":7,"column":4},"end":{"line":15,"column":5}},"type":"if","locations":[{"start":{"line":7,"column":4},"end":{"line":15,"column":5}},{"start":{},"end":{}}],"line":7},"1":{"loc":{"start":{"line":9,"column":6},"end":{"line":11,"column":7}},"type":"if","locations":[{"start":{"line":9,"column":6},"end":{"line":11,"column":7}},{"start":{},"end":{}}],"line":9},"2":{"loc":{"start":{"line":12,"column":6},"end":{"line":14,"column":7}},"type":"if","locations":[{"start":{"line":12,"column":6},"end":{"line":14,"column":7}},{"start":{},"end":{}}],"line":12},"3":{"loc":{"start":{"line":23,"column":4},"end":{"line":25,"column":5}},"type":"if","locations":[{"start":{"line":23,"column":4},"end":{"line":25,"column":5}},{"start":{},"end":{}}],"line":23}},"s":{"0":0,"1":0,"2":0,"3":0,"4":0,"5":0,"6":0,"7":0,"8":0,"9":0,"10":0,"11":0,"12":0,"13":0,"14":0,"15":0,"16":0,"17":0},"f":{"0":0,"1":0,"2":0,"3":0},"b":{"0":[0,0],"1":[0,0],"2":[0,0],"3":[0,0]},"_coverageSchema":"1a1c01bbd47fc00a2c39e90264f33305004495a9","hash":"8b1fa1c92b1f623de61cd4c66fad70bdde7b2c16"}
,"/Users/xinhuangliu/hackReactor/FEC/l91234567/Toy-Story/client/src/components/Overview/OverviewImages.jsx": {"path":"/Users/xinhuangliu/hackReactor/FEC/l91234567/Toy-Story/client/src/components/Overview/OverviewImages.jsx","statementMap":{"0":{"start":{"line":4,"column":2},"end":{"line":8,"column":3}}},"fnMap":{"0":{"name":"OverviewImages","decl":{"start":{"line":3,"column":9},"end":{"line":3,"column":23}},"loc":{"start":{"line":3,"column":36},"end":{"line":10,"column":1}},"line":3}},"branchMap":{},"s":{"0":0},"f":{"0":0},"b":{},"_coverageSchema":"1a1c01bbd47fc00a2c39e90264f33305004495a9","hash":"cf507154e4ce3d3dba5214d157abe52d1d344c9a"}
,"/Users/xinhuangliu/hackReactor/FEC/l91234567/Toy-Story/client/src/components/Overview/OverviewItemRating.jsx": {"path":"/Users/xinhuangliu/hackReactor/FEC/l91234567/Toy-Story/client/src/components/Overview/OverviewItemRating.jsx","statementMap":{"0":{"start":{"line":6,"column":25},"end":{"line":6,"column":58}},"1":{"start":{"line":7,"column":18},"end":{"line":7,"column":47}},"2":{"start":{"line":9,"column":22},"end":{"line":9,"column":43}},"3":{"start":{"line":11,"column":23},"end":{"line":11,"column":40}},"4":{"start":{"line":12,"column":20},"end":{"line":12,"column":45}},"5":{"start":{"line":13,"column":18},"end":{"line":13,"column":20}},"6":{"start":{"line":15,"column":2},"end":{"line":23,"column":3}},"7":{"start":{"line":15,"column":14},"end":{"line":15,"column":15}},"8":{"start":{"line":16,"column":4},"end":{"line":22,"column":5}},"9":{"start":{"line":17,"column":6},"end":{"line":17,"column":23}},"10":{"start":{"line":18,"column":11},"end":{"line":22,"column":5}},"11":{"start":{"line":19,"column":6},"end":{"line":19,"column":33}},"12":{"start":{"line":21,"column":6},"end":{"line":21,"column":23}},"13":{"start":{"line":25,"column":2},"end":{"line":25,"column":37}},"14":{"start":{"line":28,"column":2},"end":{"line":46,"column":3}},"15":{"start":{"line":31,"column":6},"end":{"line":41,"column":7}},"16":{"start":{"line":32,"column":8},"end":{"line":32,"column":34}},"17":{"start":{"line":33,"column":13},"end":{"line":41,"column":7}},"18":{"start":{"line":34,"column":8},"end":{"line":34,"column":40}},"19":{"start":{"line":35,"column":13},"end":{"line":41,"column":7}},"20":{"start":{"line":36,"column":8},"end":{"line":36,"column":34}},"21":{"start":{"line":37,"column":13},"end":{"line":41,"column":7}},"22":{"start":{"line":38,"column":8},"end":{"line":38,"column":42}},"23":{"start":{"line":40,"column":8},"end":{"line":40,"column":35}},"24":{"start":{"line":43,"column":88},"end":{"line":43,"column":151}}},"fnMap":{"0":{"name":"(anonymous_0)","decl":{"start":{"line":5,"column":15},"end":{"line":5,"column":16}},"loc":{"start":{"line":5,"column":51},"end":{"line":47,"column":1}},"line":5},"1":{"name":"(anonymous_1)","decl":{"start":{"line":30,"column":19},"end":{"line":30,"column":20}},"loc":{"start":{"line":30,"column":28},"end":{"line":42,"column":5}},"line":30},"2":{"name":"(anonymous_2)","decl":{"start":{"line":43,"column":83},"end":{"line":43,"column":84}},"loc":{"start":{"line":43,"column":87},"end":{"line":43,"column":152}},"line":43}},"branchMap":{"0":{"loc":{"start":{"line":16,"column":4},"end":{"line":22,"column":5}},"type":"if","locations":[{"start":{"line":16,"column":4},"end":{"line":22,"column":5}},{"start":{"line":18,"column":11},"end":{"line":22,"column":5}}],"line":16},"1":{"loc":{"start":{"line":18,"column":11},"end":{"line":22,"column":5}},"type":"if","locations":[{"start":{"line":18,"column":11},"end":{"line":22,"column":5}},{"start":{"line":20,"column":11},"end":{"line":22,"column":5}}],"line":18},"2":{"loc":{"start":{"line":31,"column":6},"end":{"line":41,"column":7}},"type":"if","locations":[{"start":{"line":31,"column":6},"end":{"line":41,"column":7}},{"start":{"line":33,"column":13},"end":{"line":41,"column":7}}],"line":31},"3":{"loc":{"start":{"line":33,"column":13},"end":{"line":41,"column":7}},"type":"if","locations":[{"start":{"line":33,"column":13},"end":{"line":41,"column":7}},{"start":{"line":35,"column":13},"end":{"line":41,"column":7}}],"line":33},"4":{"loc":{"start":{"line":35,"column":13},"end":{"line":41,"column":7}},"type":"if","locations":[{"start":{"line":35,"column":13},"end":{"line":41,"column":7}},{"start":{"line":37,"column":13},"end":{"line":41,"column":7}}],"line":35},"5":{"loc":{"start":{"line":37,"column":13},"end":{"line":41,"column":7}},"type":"if","locations":[{"start":{"line":37,"column":13},"end":{"line":41,"column":7}},{"start":{"line":39,"column":13},"end":{"line":41,"column":7}}],"line":37}},"s":{"0":0,"1":0,"2":0,"3":0,"4":0,"5":0,"6":0,"7":0,"8":0,"9":0,"10":0,"11":0,"12":0,"13":0,"14":0,"15":0,"16":0,"17":0,"18":0,"19":0,"20":0,"21":0,"22":0,"23":0,"24":0},"f":{"0":0,"1":0,"2":0},"b":{"0":[0,0],"1":[0,0],"2":[0,0],"3":[0,0],"4":[0,0],"5":[0,0]},"_coverageSchema":"1a1c01bbd47fc00a2c39e90264f33305004495a9","hash":"5ba5ec2796710dc1f3c0def72579b7fb6e53025e"}
,"/Users/xinhuangliu/hackReactor/FEC/l91234567/Toy-Story/client/src/components/Overview/OverviewProductInformation.jsx": {"path":"/Users/xinhuangliu/hackReactor/FEC/l91234567/Toy-Story/client/src/components/Overview/OverviewProductInformation.jsx","statementMap":{"0":{"start":{"line":6,"column":58},"end":{"line":6,"column":66}},"1":{"start":{"line":8,"column":2},"end":{"line":37,"column":3}}},"fnMap":{"0":{"name":"overviewProductInformation","decl":{"start":{"line":5,"column":24},"end":{"line":5,"column":50}},"loc":{"start":{"line":5,"column":147},"end":{"line":38,"column":1}},"line":5}},"branchMap":{"0":{"loc":{"start":{"line":22,"column":7},"end":{"line":22,"column":313}},"type":"cond-expr","locations":[{"start":{"line":22,"column":34},"end":{"line":22,"column":229}},{"start":{"line":22,"column":234},"end":{"line":22,"column":312}}],"line":22}},"s":{"0":0,"1":0},"f":{"0":0},"b":{"0":[0,0]},"_coverageSchema":"1a1c01bbd47fc00a2c39e90264f33305004495a9","hash":"2dfea875c92af9e43950160b4addec558b103584"}
,"/Users/xinhuangliu/hackReactor/FEC/l91234567/Toy-Story/client/src/components/Overview/OverviewProductStyles.jsx": {"path":"/Users/xinhuangliu/hackReactor/FEC/l91234567/Toy-Story/client/src/components/Overview/OverviewProductStyles.jsx","statementMap":{"0":{"start":{"line":5,"column":30},"end":{"line":5,"column":42}},"1":{"start":{"line":7,"column":2},"end":{"line":20,"column":20}},"2":{"start":{"line":9,"column":4},"end":{"line":17,"column":5}},"3":{"start":{"line":11,"column":6},"end":{"line":11,"column":20}},"4":{"start":{"line":12,"column":6},"end":{"line":16,"column":9}},"5":{"start":{"line":14,"column":8},"end":{"line":14,"column":46}},"6":{"start":{"line":14,"column":27},"end":{"line":14,"column":45}},"7":{"start":{"line":25,"column":2},"end":{"line":41,"column":3}},"8":{"start":{"line":29,"column":4},"end":{"line":40,"column":5}},"9":{"start":{"line":32,"column":10},"end":{"line":35,"column":11}},"10":{"start":{"line":43,"column":2},"end":{"line":45,"column":3}}},"fnMap":{"0":{"name":"(anonymous_0)","decl":{"start":{"line":4,"column":15},"end":{"line":4,"column":16}},"loc":{"start":{"line":4,"column":72},"end":{"line":46,"column":1}},"line":4},"1":{"name":"(anonymous_1)","decl":{"start":{"line":7,"column":12},"end":{"line":7,"column":13}},"loc":{"start":{"line":7,"column":17},"end":{"line":20,"column":3}},"line":7},"2":{"name":"(anonymous_2)","decl":{"start":{"line":12,"column":24},"end":{"line":12,"column":25}},"loc":{"start":{"line":12,"column":35},"end":{"line":16,"column":7}},"line":12},"3":{"name":"(anonymous_3)","decl":{"start":{"line":14,"column":18},"end":{"line":14,"column":19}},"loc":{"start":{"line":14,"column":27},"end":{"line":14,"column":45}},"line":14},"4":{"name":"(anonymous_4)","decl":{"start":{"line":31,"column":20},"end":{"line":31,"column":21}},"loc":{"start":{"line":31,"column":37},"end":{"line":37,"column":9}},"line":31}},"branchMap":{"0":{"loc":{"start":{"line":9,"column":4},"end":{"line":17,"column":5}},"type":"if","locations":[{"start":{"line":9,"column":4},"end":{"line":17,"column":5}},{"start":{},"end":{}}],"line":9},"1":{"loc":{"start":{"line":25,"column":2},"end":{"line":41,"column":3}},"type":"if","locations":[{"start":{"line":25,"column":2},"end":{"line":41,"column":3}},{"start":{},"end":{}}],"line":25},"2":{"loc":{"start":{"line":25,"column":6},"end":{"line":25,"column":43}},"type":"binary-expr","locations":[{"start":{"line":25,"column":6},"end":{"line":25,"column":12}},{"start":{"line":25,"column":16},"end":{"line":25,"column":43}}],"line":25}},"s":{"0":0,"1":0,"2":0,"3":0,"4":0,"5":0,"6":0,"7":0,"8":0,"9":0,"10":0},"f":{"0":0,"1":0,"2":0,"3":0,"4":0},"b":{"0":[0,0],"1":[0,0],"2":[0,0]},"_coverageSchema":"1a1c01bbd47fc00a2c39e90264f33305004495a9","hash":"77e0824773ab94136c84e45228d619ff2e735723"}
,"/Users/xinhuangliu/hackReactor/FEC/l91234567/Toy-Story/client/src/components/Overview/OverviewStyleItem.jsx": {"path":"/Users/xinhuangliu/hackReactor/FEC/l91234567/Toy-Story/client/src/components/Overview/OverviewStyleItem.jsx","statementMap":{"0":{"start":{"line":5,"column":25},"end":{"line":5,"column":58}},"1":{"start":{"line":6,"column":19},"end":{"line":6,"column":27}},"2":{"start":{"line":7,"column":19},"end":{"line":7,"column":27}},"3":{"start":{"line":9,"column":2},"end":{"line":17,"column":37}},"4":{"start":{"line":10,"column":4},"end":{"line":16,"column":5}},"5":{"start":{"line":11,"column":6},"end":{"line":15,"column":7}},"6":{"start":{"line":12,"column":8},"end":{"line":12,"column":54}},"7":{"start":{"line":14,"column":8},"end":{"line":14,"column":53}},"8":{"start":{"line":19,"column":23},"end":{"line":24,"column":3}},"9":{"start":{"line":20,"column":4},"end":{"line":20,"column":58}},"10":{"start":{"line":21,"column":4},"end":{"line":23,"column":5}},"11":{"start":{"line":22,"column":6},"end":{"line":22,"column":29}},"12":{"start":{"line":26,"column":2},"end":{"line":35,"column":3}}},"fnMap":{"0":{"name":"(anonymous_0)","decl":{"start":{"line":4,"column":15},"end":{"line":4,"column":16}},"loc":{"start":{"line":4,"column":63},"end":{"line":36,"column":1}},"line":4},"1":{"name":"(anonymous_1)","decl":{"start":{"line":9,"column":12},"end":{"line":9,"column":13}},"loc":{"start":{"line":9,"column":17},"end":{"line":17,"column":3}},"line":9},"2":{"name":"(anonymous_2)","decl":{"start":{"line":19,"column":23},"end":{"line":19,"column":24}},"loc":{"start":{"line":19,"column":30},"end":{"line":24,"column":3}},"line":19}},"branchMap":{"0":{"loc":{"start":{"line":10,"column":4},"end":{"line":16,"column":5}},"type":"if","locations":[{"start":{"line":10,"column":4},"end":{"line":16,"column":5}},{"start":{},"end":{}}],"line":10},"1":{"loc":{"start":{"line":11,"column":6},"end":{"line":15,"column":7}},"type":"if","locations":[{"start":{"line":11,"column":6},"end":{"line":15,"column":7}},{"start":{"line":13,"column":13},"end":{"line":15,"column":7}}],"line":11},"2":{"loc":{"start":{"line":21,"column":4},"end":{"line":23,"column":5}},"type":"if","locations":[{"start":{"line":21,"column":4},"end":{"line":23,"column":5}},{"start":{},"end":{}}],"line":21}},"s":{"0":1,"1":1,"2":1,"3":1,"4":0,"5":0,"6":0,"7":0,"8":1,"9":0,"10":0,"11":0,"12":1},"f":{"0":1,"1":0,"2":0},"b":{"0":[0,0],"1":[0,0],"2":[0,0]},"_coverageSchema":"1a1c01bbd47fc00a2c39e90264f33305004495a9","hash":"0b4f0b40ed874ce290d40918d6b5eee7cd65f5fd"}
,"/Users/xinhuangliu/hackReactor/FEC/l91234567/Toy-Story/client/src/components/QuestionsAnswers/AnswerModal.jsx": {"path":"/Users/xinhuangliu/hackReactor/FEC/l91234567/Toy-Story/client/src/components/QuestionsAnswers/AnswerModal.jsx","statementMap":{"0":{"start":{"line":5,"column":20},"end":{"line":139,"column":1}},"1":{"start":{"line":6,"column":25},"end":{"line":6,"column":58}},"2":{"start":{"line":7,"column":42},"end":{"line":7,"column":54}},"3":{"start":{"line":9,"column":22},"end":{"line":27,"column":3}},"4":{"start":{"line":10,"column":21},"end":{"line":10,"column":85}},"5":{"start":{"line":11,"column":23},"end":{"line":11,"column":88}},"6":{"start":{"line":12,"column":20},"end":{"line":12,"column":82}},"7":{"start":{"line":14,"column":21},"end":{"line":22,"column":5}},"8":{"start":{"line":15,"column":20},"end":{"line":15,"column":24}},"9":{"start":{"line":17,"column":6},"end":{"line":19,"column":7}},"10":{"start":{"line":18,"column":8},"end":{"line":18,"column":24}},"11":{"start":{"line":21,"column":6},"end":{"line":21,"column":21}},"12":{"start":{"line":24,"column":4},"end":{"line":26,"column":5}},"13":{"start":{"line":25,"column":6},"end":{"line":25,"column":45}},"14":{"start":{"line":29,"column":21},"end":{"line":62,"column":3}},"15":{"start":{"line":30,"column":4},"end":{"line":30,"column":63}},"16":{"start":{"line":32,"column":14},"end":{"line":32,"column":66}},"17":{"start":{"line":33,"column":21},"end":{"line":33,"column":85}},"18":{"start":{"line":34,"column":23},"end":{"line":34,"column":88}},"19":{"start":{"line":35,"column":20},"end":{"line":35,"column":82}},"20":{"start":{"line":36,"column":21},"end":{"line":44,"column":5}},"21":{"start":{"line":37,"column":17},"end":{"line":37,"column":19}},"22":{"start":{"line":39,"column":6},"end":{"line":41,"column":7}},"23":{"start":{"line":39,"column":19},"end":{"line":39,"column":20}},"24":{"start":{"line":40,"column":8},"end":{"line":40,"column":93}},"25":{"start":{"line":43,"column":6},"end":{"line":43,"column":18}},"26":{"start":{"line":46,"column":15},"end":{"line":51,"column":5}},"27":{"start":{"line":53,"column":17},"end":{"line":57,"column":5}},"28":{"start":{"line":59,"column":4},"end":{"line":61,"column":69}},"29":{"start":{"line":60,"column":19},"end":{"line":60,"column":62}},"30":{"start":{"line":61,"column":20},"end":{"line":61,"column":67}},"31":{"start":{"line":64,"column":27},"end":{"line":70,"column":3}},"32":{"start":{"line":65,"column":4},"end":{"line":65,"column":56}},"33":{"start":{"line":66,"column":15},"end":{"line":66,"column":35}},"34":{"start":{"line":67,"column":4},"end":{"line":67,"column":33}},"35":{"start":{"line":69,"column":4},"end":{"line":69,"column":26}},"36":{"start":{"line":72,"column":2},"end":{"line":138,"column":3}},"37":{"start":{"line":74,"column":6},"end":{"line":74,"column":25}},"38":{"start":{"line":75,"column":6},"end":{"line":75,"column":19}},"39":{"start":{"line":76,"column":6},"end":{"line":76,"column":30}},"40":{"start":{"line":77,"column":6},"end":{"line":77,"column":95}},"41":{"start":{"line":116,"column":71},"end":{"line":116,"column":90}},"42":{"start":{"line":121,"column":18},"end":{"line":121,"column":100}},"43":{"start":{"line":129,"column":72},"end":{"line":129,"column":95}},"44":{"start":{"line":130,"column":86},"end":{"line":130,"column":99}}},"fnMap":{"0":{"name":"(anonymous_0)","decl":{"start":{"line":5,"column":20},"end":{"line":5,"column":21}},"loc":{"start":{"line":5,"column":72},"end":{"line":139,"column":1}},"line":5},"1":{"name":"(anonymous_1)","decl":{"start":{"line":9,"column":22},"end":{"line":9,"column":23}},"loc":{"start":{"line":9,"column":28},"end":{"line":27,"column":3}},"line":9},"2":{"name":"(anonymous_2)","decl":{"start":{"line":14,"column":21},"end":{"line":14,"column":22}},"loc":{"start":{"line":14,"column":32},"end":{"line":22,"column":5}},"line":14},"3":{"name":"(anonymous_3)","decl":{"start":{"line":29,"column":21},"end":{"line":29,"column":22}},"loc":{"start":{"line":29,"column":27},"end":{"line":62,"column":3}},"line":29},"4":{"name":"(anonymous_4)","decl":{"start":{"line":36,"column":21},"end":{"line":36,"column":22}},"loc":{"start":{"line":36,"column":27},"end":{"line":44,"column":5}},"line":36},"5":{"name":"(anonymous_5)","decl":{"start":{"line":60,"column":10},"end":{"line":60,"column":11}},"loc":{"start":{"line":60,"column":19},"end":{"line":60,"column":62}},"line":60},"6":{"name":"(anonymous_6)","decl":{"start":{"line":61,"column":11},"end":{"line":61,"column":12}},"loc":{"start":{"line":61,"column":20},"end":{"line":61,"column":67}},"line":61},"7":{"name":"(anonymous_7)","decl":{"start":{"line":64,"column":27},"end":{"line":64,"column":28}},"loc":{"start":{"line":64,"column":34},"end":{"line":70,"column":3}},"line":64},"8":{"name":"(anonymous_8)","decl":{"start":{"line":73,"column":20},"end":{"line":73,"column":21}},"loc":{"start":{"line":73,"column":27},"end":{"line":78,"column":5}},"line":73},"9":{"name":"(anonymous_9)","decl":{"start":{"line":116,"column":64},"end":{"line":116,"column":65}},"loc":{"start":{"line":116,"column":71},"end":{"line":116,"column":90}},"line":116},"10":{"name":"(anonymous_10)","decl":{"start":{"line":120,"column":34},"end":{"line":120,"column":35}},"loc":{"start":{"line":121,"column":18},"end":{"line":121,"column":100}},"line":121},"11":{"name":"(anonymous_11)","decl":{"start":{"line":129,"column":66},"end":{"line":129,"column":67}},"loc":{"start":{"line":129,"column":72},"end":{"line":129,"column":95}},"line":129},"12":{"name":"(anonymous_12)","decl":{"start":{"line":130,"column":80},"end":{"line":130,"column":81}},"loc":{"start":{"line":130,"column":86},"end":{"line":130,"column":99}},"line":130}},"branchMap":{"0":{"loc":{"start":{"line":17,"column":6},"end":{"line":19,"column":7}},"type":"if","locations":[{"start":{"line":17,"column":6},"end":{"line":19,"column":7}},{"start":{},"end":{}}],"line":17},"1":{"loc":{"start":{"line":17,"column":10},"end":{"line":17,"column":122}},"type":"binary-expr","locations":[{"start":{"line":17,"column":10},"end":{"line":17,"column":28}},{"start":{"line":17,"column":32},"end":{"line":17,"column":52}},{"start":{"line":17,"column":56},"end":{"line":17,"column":87}},{"start":{"line":17,"column":91},"end":{"line":17,"column":122}}],"line":17},"2":{"loc":{"start":{"line":24,"column":4},"end":{"line":26,"column":5}},"type":"if","locations":[{"start":{"line":24,"column":4},"end":{"line":26,"column":5}},{"start":{},"end":{}}],"line":24},"3":{"loc":{"start":{"line":24,"column":8},"end":{"line":24,"column":86}},"type":"binary-expr","locations":[{"start":{"line":24,"column":8},"end":{"line":24,"column":31}},{"start":{"line":24,"column":35},"end":{"line":24,"column":60}},{"start":{"line":24,"column":64},"end":{"line":24,"column":86}}],"line":24},"4":{"loc":{"start":{"line":114,"column":15},"end":{"line":118,"column":15}},"type":"binary-expr","locations":[{"start":{"line":114,"column":16},"end":{"line":114,"column":39}},{"start":{"line":115,"column":16},"end":{"line":117,"column":24}}],"line":114}},"s":{"0":1,"1":0,"2":0,"3":0,"4":0,"5":0,"6":0,"7":0,"8":0,"9":0,"10":0,"11":0,"12":0,"13":0,"14":0,"15":0,"16":0,"17":0,"18":0,"19":0,"20":0,"21":0,"22":0,"23":0,"24":0,"25":0,"26":0,"27":0,"28":0,"29":0,"30":0,"31":0,"32":0,"33":0,"34":0,"35":0,"36":0,"37":0,"38":0,"39":0,"40":0,"41":0,"42":0,"43":0,"44":0},"f":{"0":0,"1":0,"2":0,"3":0,"4":0,"5":0,"6":0,"7":0,"8":0,"9":0,"10":0,"11":0,"12":0},"b":{"0":[0,0],"1":[0,0,0,0],"2":[0,0],"3":[0,0,0],"4":[0,0]},"_coverageSchema":"1a1c01bbd47fc00a2c39e90264f33305004495a9","hash":"1a9f50b6387272fd595a482487009973e5d30c08"}
,"/Users/xinhuangliu/hackReactor/FEC/l91234567/Toy-Story/client/src/components/QuestionsAnswers/AnswersEntry.jsx": {"path":"/Users/xinhuangliu/hackReactor/FEC/l91234567/Toy-Story/client/src/components/QuestionsAnswers/AnswersEntry.jsx","statementMap":{"0":{"start":{"line":6,"column":21},"end":{"line":94,"column":1}},"1":{"start":{"line":7,"column":25},"end":{"line":7,"column":58}},"2":{"start":{"line":8,"column":44},"end":{"line":8,"column":59}},"3":{"start":{"line":9,"column":46},"end":{"line":9,"column":61}},"4":{"start":{"line":11,"column":23},"end":{"line":24,"column":3}},"5":{"start":{"line":12,"column":4},"end":{"line":12,"column":63}},"6":{"start":{"line":14,"column":14},"end":{"line":14,"column":60}},"7":{"start":{"line":15,"column":17},"end":{"line":17,"column":5}},"8":{"start":{"line":19,"column":4},"end":{"line":21,"column":40}},"9":{"start":{"line":20,"column":22},"end":{"line":20,"column":39}},"10":{"start":{"line":21,"column":22},"end":{"line":21,"column":38}},"11":{"start":{"line":23,"column":4},"end":{"line":23,"column":37}},"12":{"start":{"line":26,"column":23},"end":{"line":39,"column":3}},"13":{"start":{"line":27,"column":4},"end":{"line":27,"column":62}},"14":{"start":{"line":29,"column":14},"end":{"line":29,"column":59}},"15":{"start":{"line":30,"column":17},"end":{"line":32,"column":5}},"16":{"start":{"line":34,"column":4},"end":{"line":36,"column":40}},"17":{"start":{"line":35,"column":22},"end":{"line":35,"column":39}},"18":{"start":{"line":36,"column":22},"end":{"line":36,"column":38}},"19":{"start":{"line":38,"column":4},"end":{"line":38,"column":39}},"20":{"start":{"line":41,"column":2},"end":{"line":67,"column":3}},"21":{"start":{"line":42,"column":4},"end":{"line":66,"column":7}},"22":{"start":{"line":50,"column":57},"end":{"line":50,"column":71}},"23":{"start":{"line":59,"column":54},"end":{"line":59,"column":68}},"24":{"start":{"line":69,"column":2},"end":{"line":93,"column":3}},"25":{"start":{"line":77,"column":55},"end":{"line":77,"column":69}},"26":{"start":{"line":86,"column":52},"end":{"line":86,"column":66}}},"fnMap":{"0":{"name":"(anonymous_0)","decl":{"start":{"line":6,"column":21},"end":{"line":6,"column":22}},"loc":{"start":{"line":6,"column":35},"end":{"line":94,"column":1}},"line":6},"1":{"name":"(anonymous_1)","decl":{"start":{"line":11,"column":23},"end":{"line":11,"column":24}},"loc":{"start":{"line":11,"column":29},"end":{"line":24,"column":3}},"line":11},"2":{"name":"(anonymous_2)","decl":{"start":{"line":20,"column":12},"end":{"line":20,"column":13}},"loc":{"start":{"line":20,"column":22},"end":{"line":20,"column":39}},"line":20},"3":{"name":"(anonymous_3)","decl":{"start":{"line":21,"column":13},"end":{"line":21,"column":14}},"loc":{"start":{"line":21,"column":22},"end":{"line":21,"column":38}},"line":21},"4":{"name":"(anonymous_4)","decl":{"start":{"line":26,"column":23},"end":{"line":26,"column":24}},"loc":{"start":{"line":26,"column":29},"end":{"line":39,"column":3}},"line":26},"5":{"name":"(anonymous_5)","decl":{"start":{"line":35,"column":12},"end":{"line":35,"column":13}},"loc":{"start":{"line":35,"column":22},"end":{"line":35,"column":39}},"line":35},"6":{"name":"(anonymous_6)","decl":{"start":{"line":36,"column":13},"end":{"line":36,"column":14}},"loc":{"start":{"line":36,"column":22},"end":{"line":36,"column":38}},"line":36},"7":{"name":"(anonymous_7)","decl":{"start":{"line":50,"column":52},"end":{"line":50,"column":53}},"loc":{"start":{"line":50,"column":57},"end":{"line":50,"column":71}},"line":50},"8":{"name":"(anonymous_8)","decl":{"start":{"line":59,"column":48},"end":{"line":59,"column":49}},"loc":{"start":{"line":59,"column":54},"end":{"line":59,"column":68}},"line":59},"9":{"name":"(anonymous_9)","decl":{"start":{"line":77,"column":50},"end":{"line":77,"column":51}},"loc":{"start":{"line":77,"column":55},"end":{"line":77,"column":69}},"line":77},"10":{"name":"(anonymous_10)","decl":{"start":{"line":86,"column":46},"end":{"line":86,"column":47}},"loc":{"start":{"line":86,"column":52},"end":{"line":86,"column":66}},"line":86}},"branchMap":{"0":{"loc":{"start":{"line":41,"column":2},"end":{"line":67,"column":3}},"type":"if","locations":[{"start":{"line":41,"column":2},"end":{"line":67,"column":3}},{"start":{},"end":{}}],"line":41},"1":{"loc":{"start":{"line":48,"column":11},"end":{"line":52,"column":11}},"type":"binary-expr","locations":[{"start":{"line":48,"column":12},"end":{"line":48,"column":26}},{"start":{"line":49,"column":12},"end":{"line":51,"column":19}}],"line":48},"2":{"loc":{"start":{"line":53,"column":11},"end":{"line":57,"column":11}},"type":"binary-expr","locations":[{"start":{"line":53,"column":12},"end":{"line":53,"column":25}},{"start":{"line":54,"column":12},"end":{"line":56,"column":19}}],"line":53},"3":{"loc":{"start":{"line":58,"column":11},"end":{"line":60,"column":11}},"type":"binary-expr","locations":[{"start":{"line":58,"column":11},"end":{"line":58,"column":26}},{"start":{"line":59,"column":10},"end":{"line":59,"column":80}}],"line":58},"4":{"loc":{"start":{"line":61,"column":11},"end":{"line":63,"column":11}},"type":"binary-expr","locations":[{"start":{"line":61,"column":11},"end":{"line":61,"column":25}},{"start":{"line":62,"column":10},"end":{"line":62,"column":31}}],"line":61},"5":{"loc":{"start":{"line":75,"column":9},"end":{"line":79,"column":9}},"type":"binary-expr","locations":[{"start":{"line":75,"column":10},"end":{"line":75,"column":24}},{"start":{"line":76,"column":10},"end":{"line":78,"column":17}}],"line":75},"6":{"loc":{"start":{"line":80,"column":9},"end":{"line":84,"column":9}},"type":"binary-expr","locations":[{"start":{"line":80,"column":10},"end":{"line":80,"column":23}},{"start":{"line":81,"column":10},"end":{"line":83,"column":17}}],"line":80},"7":{"loc":{"start":{"line":85,"column":9},"end":{"line":87,"column":9}},"type":"binary-expr","locations":[{"start":{"line":85,"column":9},"end":{"line":85,"column":24}},{"start":{"line":86,"column":8},"end":{"line":86,"column":78}}],"line":85},"8":{"loc":{"start":{"line":88,"column":9},"end":{"line":90,"column":9}},"type":"binary-expr","locations":[{"start":{"line":88,"column":9},"end":{"line":88,"column":23}},{"start":{"line":89,"column":8},"end":{"line":89,"column":29}}],"line":88}},"s":{"0":1,"1":0,"2":0,"3":0,"4":0,"5":0,"6":0,"7":0,"8":0,"9":0,"10":0,"11":0,"12":0,"13":0,"14":0,"15":0,"16":0,"17":0,"18":0,"19":0,"20":0,"21":0,"22":0,"23":0,"24":0,"25":0,"26":0},"f":{"0":0,"1":0,"2":0,"3":0,"4":0,"5":0,"6":0,"7":0,"8":0,"9":0,"10":0},"b":{"0":[0,0],"1":[0,0],"2":[0,0],"3":[0,0],"4":[0,0],"5":[0,0],"6":[0,0],"7":[0,0],"8":[0,0]},"_coverageSchema":"1a1c01bbd47fc00a2c39e90264f33305004495a9","hash":"bd8acecec8259fcbd21348748644b970f271525b"}
,"/Users/xinhuangliu/hackReactor/FEC/l91234567/Toy-Story/client/src/components/QuestionsAnswers/AnswersList.jsx": {"path":"/Users/xinhuangliu/hackReactor/FEC/l91234567/Toy-Story/client/src/components/QuestionsAnswers/AnswersList.jsx","statementMap":{"0":{"start":{"line":7,"column":20},"end":{"line":71,"column":1}},"1":{"start":{"line":8,"column":25},"end":{"line":8,"column":58}},"2":{"start":{"line":9,"column":40},"end":{"line":9,"column":51}},"3":{"start":{"line":10,"column":52},"end":{"line":10,"column":66}},"4":{"start":{"line":12,"column":25},"end":{"line":12,"column":40}},"5":{"start":{"line":14,"column":2},"end":{"line":14,"column":65}},"6":{"start":{"line":14,"column":34},"end":{"line":14,"column":63}},"7":{"start":{"line":16,"column":2},"end":{"line":21,"column":3}},"8":{"start":{"line":16,"column":15},"end":{"line":16,"column":16}},"9":{"start":{"line":17,"column":4},"end":{"line":20,"column":5}},"10":{"start":{"line":18,"column":17},"end":{"line":18,"column":46}},"11":{"start":{"line":19,"column":6},"end":{"line":19,"column":40}},"12":{"start":{"line":23,"column":2},"end":{"line":27,"column":3}},"13":{"start":{"line":24,"column":4},"end":{"line":24,"column":59}},"14":{"start":{"line":26,"column":4},"end":{"line":26,"column":62}},"15":{"start":{"line":30,"column":25},"end":{"line":34,"column":3}},"16":{"start":{"line":31,"column":4},"end":{"line":31,"column":66}},"17":{"start":{"line":32,"column":4},"end":{"line":32,"column":22}},"18":{"start":{"line":33,"column":4},"end":{"line":33,"column":45}},"19":{"start":{"line":36,"column":26},"end":{"line":40,"column":3}},"20":{"start":{"line":37,"column":4},"end":{"line":37,"column":70}},"21":{"start":{"line":38,"column":4},"end":{"line":38,"column":22}},"22":{"start":{"line":39,"column":4},"end":{"line":39,"column":45}},"23":{"start":{"line":42,"column":2},"end":{"line":60,"column":3}},"24":{"start":{"line":43,"column":4},"end":{"line":59,"column":5}},"25":{"start":{"line":47,"column":51},"end":{"line":47,"column":95}},"26":{"start":{"line":61,"column":2},"end":{"line":70,"column":3}}},"fnMap":{"0":{"name":"(anonymous_0)","decl":{"start":{"line":7,"column":20},"end":{"line":7,"column":21}},"loc":{"start":{"line":7,"column":98},"end":{"line":71,"column":1}},"line":7},"1":{"name":"(anonymous_1)","decl":{"start":{"line":14,"column":24},"end":{"line":14,"column":25}},"loc":{"start":{"line":14,"column":34},"end":{"line":14,"column":63}},"line":14},"2":{"name":"(anonymous_2)","decl":{"start":{"line":30,"column":25},"end":{"line":30,"column":26}},"loc":{"start":{"line":30,"column":31},"end":{"line":34,"column":3}},"line":30},"3":{"name":"(anonymous_3)","decl":{"start":{"line":36,"column":26},"end":{"line":36,"column":27}},"loc":{"start":{"line":36,"column":32},"end":{"line":40,"column":3}},"line":36},"4":{"name":"(anonymous_4)","decl":{"start":{"line":47,"column":32},"end":{"line":47,"column":33}},"loc":{"start":{"line":47,"column":51},"end":{"line":47,"column":95}},"line":47}},"branchMap":{"0":{"loc":{"start":{"line":17,"column":4},"end":{"line":20,"column":5}},"type":"if","locations":[{"start":{"line":17,"column":4},"end":{"line":20,"column":5}},{"start":{},"end":{}}],"line":17},"1":{"loc":{"start":{"line":23,"column":2},"end":{"line":27,"column":3}},"type":"if","locations":[{"start":{"line":23,"column":2},"end":{"line":27,"column":3}},{"start":{"line":25,"column":9},"end":{"line":27,"column":3}}],"line":23},"2":{"loc":{"start":{"line":42,"column":2},"end":{"line":60,"column":3}},"type":"if","locations":[{"start":{"line":42,"column":2},"end":{"line":60,"column":3}},{"start":{},"end":{}}],"line":42},"3":{"loc":{"start":{"line":48,"column":11},"end":{"line":50,"column":11}},"type":"binary-expr","locations":[{"start":{"line":48,"column":12},"end":{"line":48,"column":29}},{"start":{"line":48,"column":33},"end":{"line":48,"column":51}},{"start":{"line":49,"column":12},"end":{"line":49,"column":68}}],"line":48},"4":{"loc":{"start":{"line":51,"column":11},"end":{"line":53,"column":11}},"type":"binary-expr","locations":[{"start":{"line":51,"column":12},"end":{"line":51,"column":30}},{"start":{"line"
[...]
,"/Users/xinhuangliu/hackReactor/FEC/l91234567/Toy-Story/client/src/components/RatingsReviews/SortMenu.jsx": {"path":"/Users/xinhuangliu/hackReactor/FEC/l91234567/Toy-Story/client/src/components/RatingsReviews/SortMenu.jsx","statementMap":{"0":{"start":{"line":4,"column":17},"end":{"line":22,"column":1}},"1":{"start":{"line":6,"column":25},"end":{"line":8,"column":3}},"2":{"start":{"line":7,"column":4},"end":{"line":7,"column":37}},"3":{"start":{"line":10,"column":2},"end":{"line":21,"column":3}}},"fnMap":{"0":{"name":"(anonymous_0)","decl":{"start":{"line":4,"column":17},"end":{"line":4,"column":18}},"loc":{"start":{"line":4,"column":41},"end":{"line":22,"column":1}},"line":4},"1":{"name":"(anonymous_1)","decl":{"start":{"line":6,"column":25},"end":{"line":6,"column":26}},"loc":{"start":{"line":6,"column":38},"end":{"line":8,"column":3}},"line":6}},"branchMap":{},"s":{"0":1,"1":10,"2":0,"3":10},"f":{"0":10,"1":0},"b":{},"_coverageSchema":"1a1c01bbd47fc00a2c39e90264f33305004495a9","hash":"2bd2d3365c8462c3299ec6469e8295297f8d67f9"}
,"/Users/xinhuangliu/hackReactor/FEC/l91234567/Toy-Story/client/src/components/RelatedItemsComparison/RelatedItemRating.jsx": {"path":"/Users/xinhuangliu/hackReactor/FEC/l91234567/Toy-Story/client/src/components/RelatedItemsComparison/RelatedItemRating.jsx","statementMap":{"0":{"start":{"line":7,"column":18},"end":{"line":7,"column":47}},"1":{"start":{"line":9,"column":22},"end":{"line":9,"column":43}},"2":{"start":{"line":11,"column":23},"end":{"line":11,"column":40}},"3":{"start":{"line":12,"column":20},"end":{"line":12,"column":45}},"4":{"start":{"line":13,"column":18},"end":{"line":13,"column":20}},"5":{"start":{"line":15,"column":2},"end":{"line":23,"column":3}},"6":{"start":{"line":15,"column":14},"end":{"line":15,"column":15}},"7":{"start":{"line":16,"column":4},"end":{"line":22,"column":5}},"8":{"start":{"line":17,"column":6},"end":{"line":17,"column":23}},"9":{"start":{"line":18,"column":11},"end":{"line":22,"column":5}},"10":{"start":{"line":19,"column":6},"end":{"line":19,"column":33}},"11":{"start":{"line":21,"column":6},"end":{"line":21,"column":23}},"12":{"start":{"line":25,"column":2},"end":{"line":25,"column":37}},"13":{"start":{"line":28,"column":2},"end":{"line":46,"column":3}},"14":{"start":{"line":31,"column":6},"end":{"line":41,"column":7}},"15":{"start":{"line":32,"column":8},"end":{"line":32,"column":34}},"16":{"start":{"line":33,"column":13},"end":{"line":41,"column":7}},"17":{"start":{"line":34,"column":8},"end":{"line":34,"column":40}},"18":{"start":{"line":35,"column":13},"end":{"line":41,"column":7}},"19":{"start":{"line":36,"column":8},"end":{"line":36,"column":34}},"20":{"start":{"line":37,"column":13},"end":{"line":41,"column":7}},"21":{"start":{"line":38,"column":8},"end":{"line":38,"column":42}},"22":{"start":{"line":40,"column":8},"end":{"line":40,"column":35}}},"fnMap":{"0":{"name":"(anonymous_0)","decl":{"start":{"line":5,"column":15},"end":{"line":5,"column":16}},"loc":{"start":{"line":5,"column":38},"end":{"line":47,"column":1}},"line":5},"1":{"name":"(anonymous_1)","decl":{"start":{"line":30,"column":19},"end":{"line":30,"column":20}},"loc":{"start":{"line":30,"column":28},"end":{"line":42,"column":5}},"line":30}},"branchMap":{"0":{"loc":{"start":{"line":16,"column":4},"end":{"line":22,"column":5}},"type":"if","locations":[{"start":{"line":16,"column":4},"end":{"line":22,"column":5}},{"start":{"line":18,"column":11},"end":{"line":22,"column":5}}],"line":16},"1":{"loc":{"start":{"line":18,"column":11},"end":{"line":22,"column":5}},"type":"if","locations":[{"start":{"line":18,"column":11},"end":{"line":22,"column":5}},{"start":{"line":20,"column":11},"end":{"line":22,"column":5}}],"line":18},"2":{"loc":{"start":{"line":31,"column":6},"end":{"line":41,"column":7}},"type":"if","locations":[{"start":{"line":31,"column":6},"end":{"line":41,"column":7}},{"start":{"line":33,"column":13},"end":{"line":41,"column":7}}],"line":31},"3":{"loc":{"start":{"line":33,"column":13},"end":{"line":41,"column":7}},"type":"if","locations":[{"start":{"line":33,"column":13},"end":{"line":41,"column":7}},{"start":{"line":35,"column":13},"end":{"line":41,"column":7}}],"line":33},"4":{"loc":{"start":{"line":35,"column":13},"end":{"line":41,"column":7}},"type":"if","locations":[{"start":{"line":35,"column":13},"end":{"line":41,"column":7}},{"start":{"line":37,"column":13},"end":{"line":41,"column":7}}],"line":35},"5":{"loc":{"start":{"line":37,"column":13},"end":{"line":41,"column":7}},"type":"if","locations":[{"start":{"line":37,"column":13},"end":{"line":41,"column":7}},{"start":{"line":39,"column":13},"end":{"line":41,"column":7}}],"line":37}},"s":{"0":1,"1":1,"2":1,"3":1,"4":1,"5":1,"6":1,"7":5,"8":3,"9":2,"10":1,"11":1,"12":1,"13":1,"14":5,"15":3,"16":2,"17":1,"18":1,"19":0,"20":1,"21":0,"22":1},"f":{"0":1,"1":5},"b":{"0":[3,2],"1":[1,1],"2":[3,2],"3":[1,1],"4":[0,1],"5":[0,1]},"_coverageSchema":"1a1c01bbd47fc00a2c39e90264f33305004495a9","hash":"fc94cec1ea6153029979d6aa0802d4aefd0d092b"}
,"/Users/xinhuangliu/hackReactor/FEC/l91234567/Toy-Story/client/src/components/icons/OverviewArrowsSVG.jsx": {"path":"/Users/xinhuangliu/hackReactor/FEC/l91234567/Toy-Story/client/src/components/icons/OverviewArrowsSVG.jsx","statementMap":{"0":{"start":{"line":3,"column":32},"end":{"line":7,"column":1}},"1":{"start":{"line":4,"column":2},"end":{"line":6,"column":3}},"2":{"start":{"line":9,"column":33},"end":{"line":13,"column":1}},"3":{"start":{"line":10,"column":2},"end":{"line":12,"column":3}},"4":{"start":{"line":15,"column":30},"end":{"line":19,"column":1}},"5":{"start":{"line":16,"column":2},"end":{"line":18,"column":3}},"6":{"start":{"line":21,"column":32},"end":{"line":25,"column":1}},"7":{"start":{"line":22,"column":2},"end":{"line":24,"column":3}}},"fnMap":{"0":{"name":"(anonymous_0)","decl":{"start":{"line":3,"column":32},"end":{"line":3,"column":33}},"loc":{"start":{"line":3,"column":38},"end":{"line":7,"column":1}},"line":3},"1":{"name":"(anonymous_1)","decl":{"start":{"line":9,"column":33},"end":{"line":9,"column":34}},"loc":{"start":{"line":9,"column":39},"end":{"line":13,"column":1}},"line":9},"2":{"name":"(anonymous_2)","decl":{"start":{"line":15,"column":30},"end":{"line":15,"column":31}},"loc":{"start":{"line":15,"column":36},"end":{"line":19,"column":1}},"line":15},"3":{"name":"(anonymous_3)","decl":{"start":{"line":21,"column":32},"end":{"line":21,"column":33}},"loc":{"start":{"line":21,"column":38},"end":{"line":25,"column":1}},"line":21}},"branchMap":{},"s":{"0":1,"1":0,"2":1,"3":0,"4":1,"5":0,"6":1,"7":0},"f":{"0":0,"1":0,"2":0,"3":0},"b":{},"_coverageSchema":"1a1c01bbd47fc00a2c39e90264f33305004495a9","hash":"35114de2978b7955115b3bf8d0d8312d28fcd9db"}
,"/Users/xinhuangliu/hackReactor/FEC/l91234567/Toy-Story/client/src/components/icons/OverviewCheckMark.jsx": {"path":"/Users/xinhuangliu/hackReactor/FEC/l91234567/Toy-Story/client/src/components/icons/OverviewCheckMark.jsx","statementMap":{"0":{"start":{"line":5,"column":2},"end":{"line":5,"column":782}}},"fnMap":{"0":{"name":"(anonymous_0)","decl":{"start":{"line":3,"column":15},"end":{"line":3,"column":16}},"loc":{"start":{"line":3,"column":26},"end":{"line":6,"column":1}},"line":3}},"branchMap":{},"s":{"0":1},"f":{"0":1},"b":{},"_coverageSchema":"1a1c01bbd47fc00a2c39e90264f33305004495a9","hash":"781d3d561badce09a556945d3ed3b3aec4553e9a"}
,"/Users/xinhuangliu/hackReactor/FEC/l91234567/Toy-Story/client/src/components/icons/OverviewDismissSVG.jsx": {"path":"/Users/xinhuangliu/hackReactor/FEC/l91234567/Toy-Story/client/src/components/icons/OverviewDismissSVG.jsx","statementMap":{"0":{"start":{"line":4,"column":2},"end":{"line":6,"column":3}}},"fnMap":{"0":{"name":"(anonymous_0)","decl":{"start":{"line":3,"column":15},"end":{"line":3,"column":16}},"loc":{"start":{"line":3,"column":26},"end":{"line":7,"column":1}},"line":3}},"branchMap":{},"s":{"0":0},"f":{"0":0},"b":{},"_coverageSchema":"1a1c01bbd47fc00a2c39e90264f33305004495a9","hash":"afb898ccfd0fd80e305e8dfe001889620f670f54"}
,"/Users/xinhuangliu/hackReactor/FEC/l91234567/Toy-Story/client/src/components/icons/OverviewExpandSVG.jsx": {"path":"/Users/xinhuangliu/hackReactor/FEC/l91234567/Toy-Story/client/src/components/icons/OverviewExpandSVG.jsx","statementMap":{"0":{"start":{"line":4,"column":2},"end":{"line":6,"column":3}}},"fnMap":{"0":{"name":"(anonymous_0)","decl":{"start":{"line":3,"column":15},"end":{"line":3,"column":16}},"loc":{"start":{"line":3,"column":25},"end":{"line":8,"column":1}},"line":3}},"branchMap":{},"s":{"0":0},"f":{"0":0},"b":{},"_coverageSchema":"1a1c01bbd47fc00a2c39e90264f33305004495a9","hash":"534f46d25a136964216e13c105d911337b27f529"}
,"/Users/xinhuangliu/hackReactor/FEC/l91234567/Toy-Story/client/src/components/icons/OverviewItemRatingStarsSVG.jsx": {"path":"/Users/xinhuangliu/hackReactor/FEC/l91234567/Toy-Story/client/src/components/icons/OverviewItemRatingStarsSVG.jsx","statementMap":{"0":{"start":{"line":4,"column":25},"end":{"line":9,"column":1}},"1":{"start":{"line":6,"column":2},"end":{"line":8,"column":3}},"2":{"start":{"line":11,"column":30},"end":{"line":16,"column":1}},"3":{"start":{"line":13,"column":2},"end":{"line":15,"column":3}},"4":{"start":{"line":18,"column":24},"end":{"line":22,"column":1}},"5":{"start":{"line":19,"column":2},"end":{"line":21,"column":3}},"6":{"start":{"line":24,"column":32},"end":{"line":28,"column":1}},"7":{"start":{"line":25,"column":2},"end":{"line":27,"column":3}},"8":{"start":{"line":30,"column":24},"end":{"line":34,"column":1}},"9":{"start":{"line":31,"column":2},"end":{"line":33,"column":3}}},"fnMap":{"0":{"name":"(anonymous_0)","decl":{"start":{"line":4,"column":25},"end":{"line":4,"column":26}},"loc":{"start":{"line":4,"column":31},"end":{"line":9,"column":1}},"line":4},"1":{"name":"(anonymous_1)","decl":{"start":{"line":11,"column":30},"end":{"line":11,"column":31}},"loc":{"start":{"line":11,"column":35},"end":{"line":16,"column":1}},"line":11},"2":{"name":"(anonymous_2)","decl":{"start":{"line":18,"column":24},"end":{"line":18,"column":25}},"loc":{"start":{"line":18,"column":30},"end":{"line":22,"column":1}},"line":18},"3":{"name":"(anonymous_3)","decl":{"start":{"line":24,"column":32},"end":{"line":24,"column":33}},"loc":{"start":{"line":24,"column":38},"end":{"line":28,"column":1}},"line":24},"4":{"name":"(anonymous_4)","decl":{"start":{"line":30,"column":24},"end":{"line":30,"column":25}},"loc":{"start":{"line":30,"column":30},"end":{"line":34,"column":1}},"line":30}},"branchMap":{},"s":{"0":1,"1":0,"2":1,"3":0,"4":1,"5":0,"6":1,"7":0,"8":1,"9":0},"f":{"0":0,"1":0,"2":0,"3":0,"4":0},"b":{},"_coverageSchema":"1a1c01bbd47fc00a2c39e90264f33305004495a9","hash":"e78d2980f367b68ef95d67e697d2f88994b08b65"}
,"/Users/xinhuangliu/hackReactor/FEC/l91234567/Toy-Story/client/src/components/icons/OverviewShareIconsSVG.jsx": {"path":"/Users/xinhuangliu/hackReactor/FEC/l91234567/Toy-Story/client/src/components/icons/OverviewShareIconsSVG.jsx","statementMap":{"0":{"start":{"line":4,"column":2},"end":{"line":6,"column":3}},"1":{"start":{"line":12,"column":2},"end":{"line":14,"column":3}},"2":{"start":{"line":20,"column":2},"end":{"line":22,"column":3}}},"fnMap":{"0":{"name":"Facebook","decl":{"start":{"line":3,"column":16},"end":{"line":3,"column":24}},"loc":{"start":{"line":3,"column":26},"end":{"line":8,"column":1}},"line":3},"1":{"name":"Twitter","decl":{"start":{"line":10,"column":16},"end":{"line":10,"column":23}},"loc":{"start":{"line":10,"column":25},"end":{"line":16,"column":1}},"line":10},"2":{"name":"Pinterest","decl":{"start":{"line":18,"column":16},"end":{"line":18,"column":25}},"loc":{"start":{"line":18,"column":27},"end":{"line":24,"column":1}},"line":18}},"branchMap":{},"s":{"0":0,"1":0,"2":0},"f":{"0":0,"1":0,"2":0},"b":{},"_coverageSchema":"1a1c01bbd47fc00a2c39e90264f33305004495a9","hash":"0770edf984264c349a66fa6ceadecdcbdd66022e"}
,"/Users/xinhuangliu/hackReactor/FEC/l91234567/Toy-Story/client/src/components/icons/RelatedItemsRatingStarsSVG.jsx": {"path":"/Users/xinhuangliu/hackReactor/FEC/l91234567/Toy-Story/client/src/components/icons/RelatedItemsRatingStarsSVG.jsx","statementMap":{"0":{"start":{"line":4,"column":25},"end":{"line":9,"column":1}},"1":{"start":{"line":6,"column":2},"end":{"line":8,"column":3}},"2":{"start":{"line":11,"column":30},"end":{"line":16,"column":1}},"3":{"start":{"line":13,"column":2},"end":{"line":15,"column":3}},"4":{"start":{"line":18,"column":24},"end":{"line":22,"column":1}},"5":{"start":{"line":19,"column":2},"end":{"line":21,"column":3}},"6":{"start":{"line":24,"column":32},"end":{"line":28,"column":1}},"7":{"start":{"line":25,"column":2},"end":{"line":27,"column":3}},"8":{"start":{"line":30,"column":24},"end":{"line":34,"column":1}},"9":{"start":{"line":31,"column":2},"end":{"line":33,"column":3}}},"fnMap":{"0":{"name":"(anonymous_0)","decl":{"start":{"line":4,"column":25},"end":{"line":4,"column":26}},"loc":{"start":{"line":4,"column":31},"end":{"line":9,"column":1}},"line":4},"1":{"name":"(anonymous_1)","decl":{"start":{"line":11,"column":30},"end":{"line":11,"column":31}},"loc":{"start":{"line":11,"column":35},"end":{"line":16,"column":1}},"line":11},"2":{"name":"(anonymous_2)","decl":{"start":{"line":18,"column":24},"end":{"line":18,"column":25}},"loc":{"start":{"line":18,"column":30},"end":{"line":22,"column":1}},"line":18},"3":{"name":"(anonymous_3)","decl":{"start":{"line":24,"column":32},"end":{"line":24,"column":33}},"loc":{"start":{"line":24,"column":38},"end":{"line":28,"column":1}},"line":24},"4":{"name":"(anonymous_4)","decl":{"start":{"line":30,"column":24},"end":{"line":30,"column":25}},"loc":{"start":{"line":30,"column":30},"end":{"line":34,"column":1}},"line":30}},"branchMap":{},"s":{"0":1,"1":1,"2":1,"3":1,"4":1,"5":0,"6":1,"7":0,"8":1,"9":3},"f":{"0":1,"1":1,"2":0,"3":0,"4":3},"b":{},"_coverageSchema":"1a1c01bbd47fc00a2c39e90264f33305004495a9","hash":"392bd81a5a8c3a176f7d128b377ca4bdffc3146a"}
,"/Users/xinhuangliu/hackReactor/FEC/l91234567/Toy-Story/client/src/components/icons/ReviewCheckmark.jsx": {"path":"/Users/xinhuangliu/hackReactor/FEC/l91234567/Toy-Story/client/src/components/icons/ReviewCheckmark.jsx","statementMap":{"0":{"start":{"line":5,"column":2},"end":{"line":5,"column":782}}},"fnMap":{"0":{"name":"(anonymous_0)","decl":{"start":{"line":3,"column":15},"end":{"line":3,"column":16}},"loc":{"start":{"line":3,"column":26},"end":{"line":6,"column":1}},"line":3}},"branchMap":{},"s":{"0":1},"f":{"0":1},"b":{},"_coverageSchema":"1a1c01bbd47fc00a2c39e90264f33305004495a9","hash":"7546f216753bbb2d3d0af75058514a5883c62e83"}
,"/Users/xinhuangliu/hackReactor/FEC/l91234567/Toy-Story/client/src/components/icons/ReviewRatingStarsSVG.jsx": {"path":"/Users/xinhuangliu/hackReactor/FEC/l91234567/Toy-Story/client/src/components/icons/ReviewRatingStarsSVG.jsx","statementMap":{"0":{"start":{"line":4,"column":25},"end":{"line":9,"column":1}},"1":{"start":{"line":6,"column":2},"end":{"line":8,"column":3}},"2":{"start":{"line":11,"column":30},"end":{"line":16,"column":1}},"3":{"start":{"line":13,"column":2},"end":{"line":15,"column":3}},"4":{"start":{"line":18,"column":24},"end":{"line":22,"column":1}},"5":{"start":{"line":19,"column":2},"end":{"line":21,"column":3}},"6":{"start":{"line":24,"column":32},"end":{"line":28,"column":1}},"7":{"start":{"line":25,"column":2},"end":{"line":27,"column":3}},"8":{"start":{"line":30,"column":24},"end":{"line":34,"column":1}},"9":{"start":{"line":31,"column":2},"end":{"line":33,"column":3}}},"fnMap":{"0":{"name":"(anonymous_0)","decl":{"start":{"line":4,"column":25},"end":{"line":4,"column":26}},"loc":{"start":{"line":4,"column":31},"end":{"line":9,"column":1}},"line":4},"1":{"name":"(anonymous_1)","decl":{"start":{"line":11,"column":30},"end":{"line":11,"column":31}},"loc":{"start":{"line":11,"column":35},"end":{"line":16,"column":1}},"line":11},"2":{"name":"(anonymous_2)","decl":{"start":{"line":18,"column":24},"end":{"line":18,"column":25}},"loc":{"start":{"line":18,"column":30},"end":{"line":22,"column":1}},"line":18},"3":{"name":"(anonymous_3)","decl":{"start":{"line":24,"column":32},"end":{"line":24,"column":33}},"loc":{"start":{"line":24,"column":38},"end":{"line":28,"column":1}},"line":24},"4":{"name":"(anonymous_4)","decl":{"start":{"line":30,"column":24},"end":{"line":30,"column":25}},"loc":{"start":{"line":30,"column":30},"end":{"line":34,"column":1}},"line":30}},"branchMap":{},"s":{"0":1,"1":77,"2":1,"3":0,"4":1,"5":0,"6":1,"7":0,"8":1,"9":23},"f":{"0":77,"1":0,"2":0,"3":0,"4":23},"b":{},"_coverageSchema":"1a1c01bbd47fc00a2c39e90264f33305004495a9","hash":"50b28199ceb2ba529f9f9d570a4216221cf590c3"}
,"/Users/xinhuangliu/hackReactor/FEC/l91234567/Toy-Story/spec/Link.js": {"path":"/Users/xinhuangliu/hackReactor/FEC/l91234567/Toy-Story/spec/Link.js","statementMap":{"0":{"start":{"line":3,"column":15},"end":{"line":6,"column":1}},"1":{"start":{"line":9,"column":30},"end":{"line":9,"column":53}},"2":{"start":{"line":11,"column":23},"end":{"line":13,"column":3}},"3":{"start":{"line":12,"column":4},"end":{"line":12,"column":30}},"4":{"start":{"line":15,"column":23},"end":{"line":17,"column":3}},"5":{"start":{"line":16,"column":4},"end":{"line":16,"column":29}},"6":{"start":{"line":19,"column":2},"end":{"line":28,"column":4}}},"fnMap":{"0":{"name":"Link","decl":{"start":{"line":8,"column":24},"end":{"line":8,"column":28}},"loc":{"start":{"line":8,"column":47},"end":{"line":29,"column":1}},"line":8},"1":{"name":"(anonymous_1)","decl":{"start":{"line":11,"column":23},"end":{"line":11,"column":24}},"loc":{"start":{"line":11,"column":29},"end":{"line":13,"column":3}},"line":11},"2":{"name":"(anonymous_2)","decl":{"start":{"line":15,"column":23},"end":{"line":15,"column":24}},"loc":{"start":{"line":15,"column":29},"end":{"line":17,"column":3}},"line":15}},"branchMap":{"0":{"loc":{"start":{"line":22,"column":12},"end":{"line":22,"column":23}},"type":"binary-expr","locations":[{"start":{"line":22,"column":12},"end":{"line":22,"column":16}},{"start":{"line":22,"column":20},"end":{"line":22,"column":23}}],"line":22}},"s":{"0":1,"1":3,"2":3,"3":1,"4":3,"5":1,"6":3},"f":{"0":3,"1":1,"2":1},"b":{"0":[3,0]},"_coverageSchema":"1a1c01bbd47fc00a2c39e90264f33305004495a9","hash":"954e0e876a47600321400acdfa349a29d26aa11c"}
,"/Users/xinhuangliu/hackReactor/FEC/l91234567/Toy-Story/spec/ReviewStubs.js": {"path":"/Users/xinhuangliu/hackReactor/FEC/l91234567/Toy-Story/spec/ReviewStubs.js","statementMap":{"0":{"start":{"line":1,"column":17},"end":{"line":49,"column":1}},"1":{"start":{"line":51,"column":21},"end":{"line":61,"column":1}},"2":{"start":{"line":63,"column":18},"end":{"line":78,"column":1}},"3":{"start":{"line":80,"column":0},"end":{"line":80,"column":39}},"4":{"start":{"line":81,"column":0},"end":{"line":81,"column":47}},"5":{"start":{"line":82,"column":0},"end":{"line":82,"column":41}}},"fnMap":{},"branchMap":{},"s":{"0":1,"1":1,"2":1,"3":1,"4":1,"5":1},"f":{},"b":{},"_coverageSchema":"1a1c01bbd47fc00a2c39e90264f33305004495a9","hash":"1f004115da719fddc3ebfe3f9b571d3ba43a80ef"}
,"/Users/xinhuangliu/hackReactor/FEC/l91234567/Toy-Story/spec/OverviewSpecs/stubs.js": {"path":"/Users/xinhuangliu/hackReactor/FEC/l91234567/Toy-Story/spec/OverviewSpecs/stubs.js","statementMap":{"0":{"start":{"line":1,"column":0},"end":{"line":150,"column":1}}},"fnMap":{},"branchMap":{},"s":{"0":2},"f":{},"b":{},"_coverageSchema":"1a1c01bbd47fc00a2c39e90264f33305004495a9","hash":"df4c18c8e824753d15224bf132389d1a40665874"}
}
